# Logfile created on 2014-02-25 07:47:32 -0500 by logger.rb/31641
I, [2014-02-25T07:47:32.169911 #197820]  INFO -- : 0:  rake (10.1.1) from /usr/libexec/openshift/cartridges/c9-0.1/root/lib/ruby/gems/specifications/rake-10.1.1.gemspec
I, [2014-02-25T07:47:32.171002 #197820]  INFO -- : 0:  i18n (0.6.9) from /usr/libexec/openshift/cartridges/c9-0.1/root/lib/ruby/gems/specifications/i18n-0.6.9.gemspec
I, [2014-02-25T07:47:32.171647 #197820]  INFO -- : 0:  minitest (4.7.5) from /usr/libexec/openshift/cartridges/c9-0.1/root/lib/ruby/gems/specifications/minitest-4.7.5.gemspec
I, [2014-02-25T07:47:32.172553 #197820]  INFO -- : 0:  multi_json (1.8.4) from /usr/libexec/openshift/cartridges/c9-0.1/root/lib/ruby/gems/specifications/multi_json-1.8.4.gemspec
I, [2014-02-25T07:47:32.173238 #197820]  INFO -- : 0:  atomic (1.1.14) from /usr/libexec/openshift/cartridges/c9-0.1/root/lib/ruby/gems/specifications/atomic-1.1.14.gemspec
I, [2014-02-25T07:47:32.174053 #197820]  INFO -- : 0:  thread_safe (0.1.3) from /usr/libexec/openshift/cartridges/c9-0.1/root/lib/ruby/gems/specifications/thread_safe-0.1.3.gemspec
I, [2014-02-25T07:47:32.174706 #197820]  INFO -- : 0:  tzinfo (0.3.38) from /usr/libexec/openshift/cartridges/c9-0.1/root/lib/ruby/gems/specifications/tzinfo-0.3.38.gemspec
I, [2014-02-25T07:47:32.175974 #197820]  INFO -- : 0:  activesupport (4.0.3) from /var/lib/stickshift/530881cb50044639600000a5/app-root/data/lib/ruby/gems/specifications/activesupport-4.0.3.gemspec
I, [2014-02-25T07:47:32.176662 #197820]  INFO -- : 0:  builder (3.1.4) from /usr/libexec/openshift/cartridges/c9-0.1/root/lib/ruby/gems/specifications/builder-3.1.4.gemspec
I, [2014-02-25T07:47:32.177688 #197820]  INFO -- : 0:  erubis (2.7.0) from /usr/libexec/openshift/cartridges/c9-0.1/root/lib/ruby/gems/specifications/erubis-2.7.0.gemspec
I, [2014-02-25T07:47:32.178369 #197820]  INFO -- : 0:  rack (1.5.2) from /usr/libexec/openshift/cartridges/c9-0.1/root/lib/ruby/gems/specifications/rack-1.5.2.gemspec
I, [2014-02-25T07:47:32.181298 #197820]  INFO -- : 0:  rack-test (0.6.2) from /usr/libexec/openshift/cartridges/c9-0.1/root/lib/ruby/gems/specifications/rack-test-0.6.2.gemspec
I, [2014-02-25T07:47:32.247516 #197820]  INFO -- : 0:  actionpack (4.0.3) from /var/lib/stickshift/530881cb50044639600000a5/app-root/data/lib/ruby/gems/specifications/actionpack-4.0.3.gemspec
I, [2014-02-25T07:47:32.248483 #197820]  INFO -- : 0:  mime-types (1.25.1) from /usr/libexec/openshift/cartridges/c9-0.1/root/lib/ruby/gems/specifications/mime-types-1.25.1.gemspec
I, [2014-02-25T07:47:34.056127 #197820]  INFO -- : 0:  polyglot (0.3.4) from /var/lib/stickshift/530881cb50044639600000a5/app-root/data/lib/ruby/gems/specifications/polyglot-0.3.4.gemspec
I, [2014-02-25T07:47:34.057346 #197820]  INFO -- : 0:  treetop (1.4.15) from /usr/libexec/openshift/cartridges/c9-0.1/root/lib/ruby/gems/specifications/treetop-1.4.15.gemspec
I, [2014-02-25T07:47:34.058194 #197820]  INFO -- : 0:  mail (2.5.4) from /usr/libexec/openshift/cartridges/c9-0.1/root/lib/ruby/gems/specifications/mail-2.5.4.gemspec
I, [2014-02-25T07:47:34.059038 #197820]  INFO -- : 0:  actionmailer (4.0.3) from /var/lib/stickshift/530881cb50044639600000a5/app-root/data/lib/ruby/gems/specifications/actionmailer-4.0.3.gemspec
I, [2014-02-25T07:47:34.059935 #197820]  INFO -- : 0:  activemodel (4.0.3) from /var/lib/stickshift/530881cb50044639600000a5/app-root/data/lib/ruby/gems/specifications/activemodel-4.0.3.gemspec
I, [2014-02-25T07:47:34.060786 #197820]  INFO -- : 0:  activerecord-deprecated_finders (1.0.3) from /usr/libexec/openshift/cartridges/c9-0.1/root/lib/ruby/gems/specifications/activerecord-deprecated_finders-1.0.3.gemspec
I, [2014-02-25T07:47:39.876966 #197820]  INFO -- : 0:  arel (4.0.2) from /var/lib/stickshift/530881cb50044639600000a5/app-root/data/lib/ruby/gems/specifications/arel-4.0.2.gemspec
I, [2014-02-25T07:47:39.893926 #197820]  INFO -- : 0:  activerecord (4.0.3) from /var/lib/stickshift/530881cb50044639600000a5/app-root/data/lib/ruby/gems/specifications/activerecord-4.0.3.gemspec
I, [2014-02-25T07:47:39.894979 #197820]  INFO -- : 0:  bundler (1.5.1) from /usr/libexec/openshift/cartridges/c9-0.1/root/lib/ruby/gems/specifications/bundler-1.5.1.gemspec
I, [2014-02-25T07:47:41.455247 #197820]  INFO -- : 0:  mini_portile (0.5.2) from /var/lib/stickshift/530881cb50044639600000a5/app-root/data/lib/ruby/gems/specifications/mini_portile-0.5.2.gemspec
E, [2014-02-25T07:54:23.550409 #197820] ERROR -- : SystemExit: exit
/usr/libexec/openshift/cartridges/c9-0.1/root/lib/ruby/gems/gems/bundler-1.5.1/bin/bundle:4:in `exit'  \n/usr/libexec/openshift/cartridges/c9-0.1/root/lib/ruby/gems/gems/bundler-1.5.1/bin/bundle:4:in `block in <top (required)>'  \n/opt/rh/ruby193/root/usr/share/rubygems/rubygems/ext/builder.rb:44:in `call'  \n/opt/rh/ruby193/root/usr/share/rubygems/rubygems/ext/builder.rb:44:in `each'  \n/opt/rh/ruby193/root/usr/share/rubygems/rubygems/ext/builder.rb:44:in `get_status_of_forked_command'  \n/opt/rh/ruby193/root/usr/share/rubygems/rubygems/ext/builder.rb:96:in `run'  \n/opt/rh/ruby193/root/usr/share/rubygems/rubygems/ext/ext_conf_builder.rb:16:in `build'  \n/opt/rh/ruby193/root/usr/share/rubygems/rubygems/installer.rb:536:in `block (2 levels) in build_extensions'  \n/opt/rh/ruby193/root/usr/share/rubygems/rubygems/installer.rb:535:in `chdir'  \n/opt/rh/ruby193/root/usr/share/rubygems/rubygems/installer.rb:535:in `block in build_extensions'  \n/opt/rh/ruby193/root/usr/share/rubygems/rubygems/installer.rb:509:in `each'  \n/opt/rh/ruby193/root/usr/share/rubygems/rubygems/installer.rb:509:in `build_extensions'  \n/opt/rh/ruby193/root/usr/share/rubygems/rubygems/installer.rb:180:in `install'  \n/usr/libexec/openshift/cartridges/c9-0.1/root/lib/ruby/gems/gems/bundler-1.5.1/lib/bundler/source/rubygems.rb:95:in `block in install'  \n/usr/libexec/openshift/cartridges/c9-0.1/root/lib/ruby/gems/gems/bundler-1.5.1/lib/bundler/rubygems_integration.rb:118:in `preserve_paths'  \n/usr/libexec/openshift/cartridges/c9-0.1/root/lib/ruby/gems/gems/bundler-1.5.1/lib/bundler/source/rubygems.rb:94:in `install'  \n/usr/libexec/openshift/cartridges/c9-0.1/root/lib/ruby/gems/gems/bundler-1.5.1/lib/bundler/installer.rb:111:in `block in install_gem_from_spec'  \n/usr/libexec/openshift/cartridges/c9-0.1/root/lib/ruby/gems/gems/bundler-1.5.1/lib/bundler/rubygems_integration.rb:150:in `with_build_args'  \n/usr/libexec/openshift/cartridges/c9-0.1/root/lib/ruby/gems/gems/bundler-1.5.1/lib/bundler/installer.rb:110:in `install_gem_from_spec'  \n/usr/libexec/openshift/cartridges/c9-0.1/root/lib/ruby/gems/gems/bundler-1.5.1/lib/bundler/installer.rb:295:in `block in install_sequentially'  \n/opt/rh/ruby193/root/usr/share/ruby/forwardable.rb:201:in `each'  \n/opt/rh/ruby193/root/usr/share/ruby/forwardable.rb:201:in `each'  \n/usr/libexec/openshift/cartridges/c9-0.1/root/lib/ruby/gems/gems/bundler-1.5.1/lib/bundler/installer.rb:294:in `install_sequentially'  \n/usr/libexec/openshift/cartridges/c9-0.1/root/lib/ruby/gems/gems/bundler-1.5.1/lib/bundler/installer.rb:97:in `run'  \n/usr/libexec/openshift/cartridges/c9-0.1/root/lib/ruby/gems/gems/bundler-1.5.1/lib/bundler/installer.rb:15:in `install'  \n/usr/libexec/openshift/cartridges/c9-0.1/root/lib/ruby/gems/gems/bundler-1.5.1/lib/bundler/cli.rb:257:in `install'  \n/usr/libexec/openshift/cartridges/c9-0.1/root/lib/ruby/gems/gems/bundler-1.5.1/lib/bundler/vendor/thor/command.rb:27:in `run'  \n/usr/libexec/openshift/cartridges/c9-0.1/root/lib/ruby/gems/gems/bundler-1.5.1/lib/bundler/vendor/thor/invocation.rb:120:in `invoke_command'  \n/usr/libexec/openshift/cartridges/c9-0.1/root/lib/ruby/gems/gems/bundler-1.5.1/lib/bundler/vendor/thor.rb:363:in `dispatch'  \n/usr/libexec/openshift/cartridges/c9-0.1/root/lib/ruby/gems/gems/bundler-1.5.1/lib/bundler/vendor/thor/base.rb:438:in `start'  \n/usr/libexec/openshift/cartridges/c9-0.1/root/lib/ruby/gems/gems/bundler-1.5.1/lib/bundler/cli.rb:10:in `start'  \n/usr/libexec/openshift/cartridges/c9-0.1/root/lib/ruby/gems/gems/bundler-1.5.1/bin/bundle:22:in `block in <top (required)>'  \n/usr/libexec/openshift/cartridges/c9-0.1/root/lib/ruby/gems/gems/bundler-1.5.1/lib/bundler/friendly_errors.rb:5:in `with_friendly_errors'  \n/usr/libexec/openshift/cartridges/c9-0.1/root/lib/ruby/gems/gems/bundler-1.5.1/bin/bundle:22:in `<top (required)>'  \n/usr/libexec/openshift/cartridges/c9-0.1/root/lib/ruby/gems/bin/bundle:23:in `load'  \n/usr/libexec/openshift/cartridges/c9-0.1/root/lib/ruby/gems/bin/bundle:23:in `<main>'
I, [2014-02-25T07:54:48.750772 #208250]  INFO -- : 0:  rake (10.1.1) from /usr/libexec/openshift/cartridges/c9-0.1/root/lib/ruby/gems/specifications/rake-10.1.1.gemspec
I, [2014-02-25T07:54:48.751768 #208250]  INFO -- : 0:  i18n (0.6.9) from /usr/libexec/openshift/cartridges/c9-0.1/root/lib/ruby/gems/specifications/i18n-0.6.9.gemspec
I, [2014-02-25T07:54:48.752443 #208250]  INFO -- : 0:  minitest (4.7.5) from /usr/libexec/openshift/cartridges/c9-0.1/root/lib/ruby/gems/specifications/minitest-4.7.5.gemspec
I, [2014-02-25T07:54:48.753153 #208250]  INFO -- : 0:  multi_json (1.8.4) from /usr/libexec/openshift/cartridges/c9-0.1/root/lib/ruby/gems/specifications/multi_json-1.8.4.gemspec
I, [2014-02-25T07:54:48.753792 #208250]  INFO -- : 0:  atomic (1.1.14) from /usr/libexec/openshift/cartridges/c9-0.1/root/lib/ruby/gems/specifications/atomic-1.1.14.gemspec
I, [2014-02-25T07:54:48.754407 #208250]  INFO -- : 0:  thread_safe (0.1.3) from /usr/libexec/openshift/cartridges/c9-0.1/root/lib/ruby/gems/specifications/thread_safe-0.1.3.gemspec
I, [2014-02-25T07:54:48.755374 #208250]  INFO -- : 0:  tzinfo (0.3.38) from /usr/libexec/openshift/cartridges/c9-0.1/root/lib/ruby/gems/specifications/tzinfo-0.3.38.gemspec
I, [2014-02-25T07:54:48.756063 #208250]  INFO -- : 0:  activesupport (4.0.3) from /var/lib/stickshift/530881cb50044639600000a5/app-root/data/lib/ruby/gems/specifications/activesupport-4.0.3.gemspec
I, [2014-02-25T07:54:48.756707 #208250]  INFO -- : 0:  builder (3.1.4) from /usr/libexec/openshift/cartridges/c9-0.1/root/lib/ruby/gems/specifications/builder-3.1.4.gemspec
I, [2014-02-25T07:54:48.757316 #208250]  INFO -- : 0:  erubis (2.7.0) from /usr/libexec/openshift/cartridges/c9-0.1/root/lib/ruby/gems/specifications/erubis-2.7.0.gemspec
I, [2014-02-25T07:54:48.758027 #208250]  INFO -- : 0:  rack (1.5.2) from /usr/libexec/openshift/cartridges/c9-0.1/root/lib/ruby/gems/specifications/rack-1.5.2.gemspec
I, [2014-02-25T07:54:48.758652 #208250]  INFO -- : 0:  rack-test (0.6.2) from /usr/libexec/openshift/cartridges/c9-0.1/root/lib/ruby/gems/specifications/rack-test-0.6.2.gemspec
I, [2014-02-25T07:54:48.759278 #208250]  INFO -- : 0:  actionpack (4.0.3) from /var/lib/stickshift/530881cb50044639600000a5/app-root/data/lib/ruby/gems/specifications/actionpack-4.0.3.gemspec
I, [2014-02-25T07:54:48.759938 #208250]  INFO -- : 0:  mime-types (1.25.1) from /usr/libexec/openshift/cartridges/c9-0.1/root/lib/ruby/gems/specifications/mime-types-1.25.1.gemspec
I, [2014-02-25T07:54:48.760620 #208250]  INFO -- : 0:  polyglot (0.3.4) from /var/lib/stickshift/530881cb50044639600000a5/app-root/data/lib/ruby/gems/specifications/polyglot-0.3.4.gemspec
I, [2014-02-25T07:54:48.761243 #208250]  INFO -- : 0:  treetop (1.4.15) from /usr/libexec/openshift/cartridges/c9-0.1/root/lib/ruby/gems/specifications/treetop-1.4.15.gemspec
I, [2014-02-25T07:54:48.762008 #208250]  INFO -- : 0:  mail (2.5.4) from /usr/libexec/openshift/cartridges/c9-0.1/root/lib/ruby/gems/specifications/mail-2.5.4.gemspec
I, [2014-02-25T07:54:48.762752 #208250]  INFO -- : 0:  actionmailer (4.0.3) from /var/lib/stickshift/530881cb50044639600000a5/app-root/data/lib/ruby/gems/specifications/actionmailer-4.0.3.gemspec
I, [2014-02-25T07:54:48.763375 #208250]  INFO -- : 0:  activemodel (4.0.3) from /var/lib/stickshift/530881cb50044639600000a5/app-root/data/lib/ruby/gems/specifications/activemodel-4.0.3.gemspec
I, [2014-02-25T07:54:48.764030 #208250]  INFO -- : 0:  activerecord-deprecated_finders (1.0.3) from /usr/libexec/openshift/cartridges/c9-0.1/root/lib/ruby/gems/specifications/activerecord-deprecated_finders-1.0.3.gemspec
I, [2014-02-25T07:54:48.764667 #208250]  INFO -- : 0:  arel (4.0.2) from /var/lib/stickshift/530881cb50044639600000a5/app-root/data/lib/ruby/gems/specifications/arel-4.0.2.gemspec
I, [2014-02-25T07:54:48.765304 #208250]  INFO -- : 0:  activerecord (4.0.3) from /var/lib/stickshift/530881cb50044639600000a5/app-root/data/lib/ruby/gems/specifications/activerecord-4.0.3.gemspec
I, [2014-02-25T07:54:48.765919 #208250]  INFO -- : 0:  bundler (1.5.1) from /usr/libexec/openshift/cartridges/c9-0.1/root/lib/ruby/gems/specifications/bundler-1.5.1.gemspec
I, [2014-02-25T07:54:48.766556 #208250]  INFO -- : 0:  mini_portile (0.5.2) from /var/lib/stickshift/530881cb50044639600000a5/app-root/data/lib/ruby/gems/specifications/mini_portile-0.5.2.gemspec
I, [2014-02-25T08:14:42.166847 #208250]  INFO -- : 0:  nokogiri (1.6.1) from /var/lib/stickshift/530881cb50044639600000a5/app-root/data/lib/ruby/gems/specifications/nokogiri-1.6.1.gemspec
I, [2014-02-25T08:14:44.080747 #208250]  INFO -- : 0:  xpath (2.0.0) from /var/lib/stickshift/530881cb50044639600000a5/app-root/data/lib/ruby/gems/specifications/xpath-2.0.0.gemspec
I, [2014-02-25T08:14:51.758364 #208250]  INFO -- : 0:  capybara (2.1.0) from /var/lib/stickshift/530881cb50044639600000a5/app-root/data/lib/ruby/gems/specifications/capybara-2.1.0.gemspec
I, [2014-02-25T08:17:02.364320 #208250]  INFO -- : 0:  ffi (1.9.3) from /var/lib/stickshift/530881cb50044639600000a5/app-root/data/lib/ruby/gems/specifications/ffi-1.9.3.gemspec
I, [2014-02-25T08:17:06.452330 #208250]  INFO -- : 0:  childprocess (0.5.1) from /var/lib/stickshift/530881cb50044639600000a5/app-root/data/lib/ruby/gems/specifications/childprocess-0.5.1.gemspec
I, [2014-02-25T08:17:09.117997 #208250]  INFO -- : 0:  coffee-script-source (1.7.0) from /var/lib/stickshift/530881cb50044639600000a5/app-root/data/lib/ruby/gems/specifications/coffee-script-source-1.7.0.gemspec
I, [2014-02-25T08:17:09.119241 #208250]  INFO -- : 0:  execjs (2.0.2) from /usr/libexec/openshift/cartridges/c9-0.1/root/lib/ruby/gems/specifications/execjs-2.0.2.gemspec
I, [2014-02-25T08:17:09.147047 #208250]  INFO -- : 0:  coffee-script (2.2.0) from /usr/libexec/openshift/cartridges/c9-0.1/root/lib/ruby/gems/specifications/coffee-script-2.2.0.gemspec
I, [2014-02-25T08:17:09.147911 #208250]  INFO -- : 0:  thor (0.18.1) from /usr/libexec/openshift/cartridges/c9-0.1/root/lib/ruby/gems/specifications/thor-0.18.1.gemspec
I, [2014-02-25T08:17:09.148575 #208250]  INFO -- : 0:  railties (4.0.3) from /var/lib/stickshift/530881cb50044639600000a5/app-root/data/lib/ruby/gems/specifications/railties-4.0.3.gemspec
I, [2014-02-25T08:17:09.149264 #208250]  INFO -- : 0:  coffee-rails (4.0.1) from /usr/libexec/openshift/cartridges/c9-0.1/root/lib/ruby/gems/specifications/coffee-rails-4.0.1.gemspec
I, [2014-02-25T08:17:13.150610 #208250]  INFO -- : 0:  diff-lcs (1.2.5) from /var/lib/stickshift/530881cb50044639600000a5/app-root/data/lib/ruby/gems/specifications/diff-lcs-1.2.5.gemspec
I, [2014-02-25T08:17:13.153275 #208250]  INFO -- : 0:  hike (1.2.3) from /usr/libexec/openshift/cartridges/c9-0.1/root/lib/ruby/gems/specifications/hike-1.2.3.gemspec
I, [2014-02-25T08:17:16.654096 #208250]  INFO -- : 0:  jbuilder (1.0.2) from /var/lib/stickshift/530881cb50044639600000a5/app-root/data/lib/ruby/gems/specifications/jbuilder-1.0.2.gemspec
I, [2014-02-25T08:17:16.659863 #208250]  INFO -- : 0:  jquery-rails (3.0.4) from /usr/libexec/openshift/cartridges/c9-0.1/root/lib/ruby/gems/specifications/jquery-rails-3.0.4.gemspec
I, [2014-02-25T08:17:16.660642 #208250]  INFO -- : 0:  json (1.8.1) from /usr/libexec/openshift/cartridges/c9-0.1/root/lib/ruby/gems/specifications/json-1.8.1.gemspec
I, [2014-02-25T08:17:16.663575 #208250]  INFO -- : 0:  tilt (1.4.1) from /usr/libexec/openshift/cartridges/c9-0.1/root/lib/ruby/gems/specifications/tilt-1.4.1.gemspec
I, [2014-02-25T08:17:21.566642 #208250]  INFO -- : 0:  sprockets (2.11.0) from /var/lib/stickshift/530881cb50044639600000a5/app-root/data/lib/ruby/gems/specifications/sprockets-2.11.0.gemspec
I, [2014-02-25T08:17:21.567584 #208250]  INFO -- : 0:  sprockets-rails (2.0.1) from /usr/libexec/openshift/cartridges/c9-0.1/root/lib/ruby/gems/specifications/sprockets-rails-2.0.1.gemspec
I, [2014-02-25T08:17:21.568257 #208250]  INFO -- : 0:  rails (4.0.3) from /var/lib/stickshift/530881cb50044639600000a5/app-root/data/lib/ruby/gems/specifications/rails-4.0.3.gemspec
I, [2014-02-25T08:17:35.856414 #208250]  INFO -- : 0:  rdoc (3.12.2) from /var/lib/stickshift/530881cb50044639600000a5/app-root/data/lib/ruby/gems/specifications/rdoc-3.12.2.gemspec
I, [2014-02-25T08:17:45.360253 #208250]  INFO -- : 0:  rspec-core (2.13.1) from /var/lib/stickshift/530881cb50044639600000a5/app-root/data/lib/ruby/gems/specifications/rspec-core-2.13.1.gemspec
I, [2014-02-25T08:17:50.758446 #208250]  INFO -- : 0:  rspec-expectations (2.13.0) from /var/lib/stickshift/530881cb50044639600000a5/app-root/data/lib/ruby/gems/specifications/rspec-expectations-2.13.0.gemspec
I, [2014-02-25T08:17:58.296412 #208250]  INFO -- : 0:  rspec-mocks (2.13.1) from /var/lib/stickshift/530881cb50044639600000a5/app-root/data/lib/ruby/gems/specifications/rspec-mocks-2.13.1.gemspec
I, [2014-02-25T08:18:11.800646 #208250]  INFO -- : 0:  rspec-rails (2.13.1) from /var/lib/stickshift/530881cb50044639600000a5/app-root/data/lib/ruby/gems/specifications/rspec-rails-2.13.1.gemspec
I, [2014-02-25T08:18:14.216717 #208250]  INFO -- : 0:  rubyzip (0.9.9) from /var/lib/stickshift/530881cb50044639600000a5/app-root/data/lib/ruby/gems/specifications/rubyzip-0.9.9.gemspec
I, [2014-02-25T08:18:26.961393 #208250]  INFO -- : 0:  sass (3.2.14) from /var/lib/stickshift/530881cb50044639600000a5/app-root/data/lib/ruby/gems/specifications/sass-3.2.14.gemspec
I, [2014-02-25T08:18:26.965979 #208250]  INFO -- : 0:  sass-rails (4.0.1) from /usr/libexec/openshift/cartridges/c9-0.1/root/lib/ruby/gems/specifications/sass-rails-4.0.1.gemspec
I, [2014-02-25T08:18:30.985469 #208250]  INFO -- : 0:  sdoc (0.3.20) from /var/lib/stickshift/530881cb50044639600000a5/app-root/data/lib/ruby/gems/specifications/sdoc-0.3.20.gemspec
I, [2014-02-25T08:18:35.196710 #208250]  INFO -- : 0:  websocket (1.0.7) from /var/lib/stickshift/530881cb50044639600000a5/app-root/data/lib/ruby/gems/specifications/websocket-1.0.7.gemspec
I, [2014-02-25T08:18:47.881571 #208250]  INFO -- : 0:  selenium-webdriver (2.35.1) from /var/lib/stickshift/530881cb50044639600000a5/app-root/data/lib/ruby/gems/specifications/selenium-webdriver-2.35.1.gemspec
I, [2014-02-25T08:18:47.882604 #208250]  INFO -- : 0:  sqlite3 (1.3.8) from /usr/libexec/openshift/cartridges/c9-0.1/root/lib/ruby/gems/specifications/sqlite3-1.3.8.gemspec
I, [2014-02-25T08:18:50.742281 #208250]  INFO -- : 0:  turbolinks (1.1.1) from /var/lib/stickshift/530881cb50044639600000a5/app-root/data/lib/ruby/gems/specifications/turbolinks-1.1.1.gemspec
I, [2014-02-25T08:18:58.646868 #208250]  INFO -- : 0:  uglifier (2.1.1) from /var/lib/stickshift/530881cb50044639600000a5/app-root/data/lib/ruby/gems/specifications/uglifier-2.1.1.gemspec
I, [2014-02-25T08:20:00.868217 #244644]  INFO -- : 0:  rake (10.1.1) from /usr/libexec/openshift/cartridges/c9-0.1/root/lib/ruby/gems/specifications/rake-10.1.1.gemspec
I, [2014-02-25T08:20:00.869193 #244644]  INFO -- : 0:  i18n (0.6.9) from /usr/libexec/openshift/cartridges/c9-0.1/root/lib/ruby/gems/specifications/i18n-0.6.9.gemspec
I, [2014-02-25T08:20:00.869872 #244644]  INFO -- : 0:  minitest (4.7.5) from /usr/libexec/openshift/cartridges/c9-0.1/root/lib/ruby/gems/specifications/minitest-4.7.5.gemspec
I, [2014-02-25T08:20:00.870519 #244644]  INFO -- : 0:  multi_json (1.8.4) from /usr/libexec/openshift/cartridges/c9-0.1/root/lib/ruby/gems/specifications/multi_json-1.8.4.gemspec
I, [2014-02-25T08:20:00.871195 #244644]  INFO -- : 0:  atomic (1.1.14) from /usr/libexec/openshift/cartridges/c9-0.1/root/lib/ruby/gems/specifications/atomic-1.1.14.gemspec
I, [2014-02-25T08:20:00.876660 #244644]  INFO -- : 0:  thread_safe (0.1.3) from /usr/libexec/openshift/cartridges/c9-0.1/root/lib/ruby/gems/specifications/thread_safe-0.1.3.gemspec
I, [2014-02-25T08:20:00.877543 #244644]  INFO -- : 0:  tzinfo (0.3.38) from /usr/libexec/openshift/cartridges/c9-0.1/root/lib/ruby/gems/specifications/tzinfo-0.3.38.gemspec
I, [2014-02-25T08:20:00.878825 #244644]  INFO -- : 0:  activesupport (4.0.3) from /var/lib/stickshift/530881cb50044639600000a5/app-root/data/lib/ruby/gems/specifications/activesupport-4.0.3.gemspec
I, [2014-02-25T08:20:00.879593 #244644]  INFO -- : 0:  builder (3.1.4) from /usr/libexec/openshift/cartridges/c9-0.1/root/lib/ruby/gems/specifications/builder-3.1.4.gemspec
I, [2014-02-25T08:20:00.880304 #244644]  INFO -- : 0:  erubis (2.7.0) from /usr/libexec/openshift/cartridges/c9-0.1/root/lib/ruby/gems/specifications/erubis-2.7.0.gemspec
I, [2014-02-25T08:20:00.880974 #244644]  INFO -- : 0:  rack (1.5.2) from /usr/libexec/openshift/cartridges/c9-0.1/root/lib/ruby/gems/specifications/rack-1.5.2.gemspec
I, [2014-02-25T08:20:00.881635 #244644]  INFO -- : 0:  rack-test (0.6.2) from /usr/libexec/openshift/cartridges/c9-0.1/root/lib/ruby/gems/specifications/rack-test-0.6.2.gemspec
I, [2014-02-25T08:20:00.947551 #244644]  INFO -- : 0:  actionpack (4.0.3) from /var/lib/stickshift/530881cb50044639600000a5/app-root/data/lib/ruby/gems/specifications/actionpack-4.0.3.gemspec
I, [2014-02-25T08:20:00.948371 #244644]  INFO -- : 0:  mime-types (1.25.1) from /usr/libexec/openshift/cartridges/c9-0.1/root/lib/ruby/gems/specifications/mime-types-1.25.1.gemspec
I, [2014-02-25T08:20:00.954689 #244644]  INFO -- : 0:  polyglot (0.3.4) from /var/lib/stickshift/530881cb50044639600000a5/app-root/data/lib/ruby/gems/specifications/polyglot-0.3.4.gemspec
I, [2014-02-25T08:20:00.955641 #244644]  INFO -- : 0:  treetop (1.4.15) from /usr/libexec/openshift/cartridges/c9-0.1/root/lib/ruby/gems/specifications/treetop-1.4.15.gemspec
I, [2014-02-25T08:20:00.956536 #244644]  INFO -- : 0:  mail (2.5.4) from /usr/libexec/openshift/cartridges/c9-0.1/root/lib/ruby/gems/specifications/mail-2.5.4.gemspec
I, [2014-02-25T08:20:00.957345 #244644]  INFO -- : 0:  actionmailer (4.0.3) from /var/lib/stickshift/530881cb50044639600000a5/app-root/data/lib/ruby/gems/specifications/actionmailer-4.0.3.gemspec
I, [2014-02-25T08:20:00.958075 #244644]  INFO -- : 0:  activemodel (4.0.3) from /var/lib/stickshift/530881cb50044639600000a5/app-root/data/lib/ruby/gems/specifications/activemodel-4.0.3.gemspec
I, [2014-02-25T08:20:00.958752 #244644]  INFO -- : 0:  activerecord-deprecated_finders (1.0.3) from /usr/libexec/openshift/cartridges/c9-0.1/root/lib/ruby/gems/specifications/activerecord-deprecated_finders-1.0.3.gemspec
I, [2014-02-25T08:20:00.959562 #244644]  INFO -- : 0:  arel (4.0.2) from /var/lib/stickshift/530881cb50044639600000a5/app-root/data/lib/ruby/gems/specifications/arel-4.0.2.gemspec
I, [2014-02-25T08:20:00.960278 #244644]  INFO -- : 0:  activerecord (4.0.3) from /var/lib/stickshift/530881cb50044639600000a5/app-root/data/lib/ruby/gems/specifications/activerecord-4.0.3.gemspec
I, [2014-02-25T08:20:00.961031 #244644]  INFO -- : 0:  mini_portile (0.5.2) from /var/lib/stickshift/530881cb50044639600000a5/app-root/data/lib/ruby/gems/specifications/mini_portile-0.5.2.gemspec
I, [2014-02-25T08:20:00.961654 #244644]  INFO -- : 0:  nokogiri (1.6.1) from /var/lib/stickshift/530881cb50044639600000a5/app-root/data/lib/ruby/gems/specifications/nokogiri-1.6.1.gemspec
I, [2014-02-25T08:20:00.972922 #244644]  INFO -- : 0:  xpath (2.0.0) from /var/lib/stickshift/530881cb50044639600000a5/app-root/data/lib/ruby/gems/specifications/xpath-2.0.0.gemspec
I, [2014-02-25T08:20:00.973636 #244644]  INFO -- : 0:  capybara (2.1.0) from /var/lib/stickshift/530881cb50044639600000a5/app-root/data/lib/ruby/gems/specifications/capybara-2.1.0.gemspec
I, [2014-02-25T08:20:00.974365 #244644]  INFO -- : 0:  ffi (1.9.3) from /var/lib/stickshift/530881cb50044639600000a5/app-root/data/lib/ruby/gems/specifications/ffi-1.9.3.gemspec
I, [2014-02-25T08:20:00.978261 #244644]  INFO -- : 0:  childprocess (0.5.1) from /var/lib/stickshift/530881cb50044639600000a5/app-root/data/lib/ruby/gems/specifications/childprocess-0.5.1.gemspec
I, [2014-02-25T08:20:00.979053 #244644]  INFO -- : 0:  coffee-script-source (1.7.0) from /var/lib/stickshift/530881cb50044639600000a5/app-root/data/lib/ruby/gems/specifications/coffee-script-source-1.7.0.gemspec
I, [2014-02-25T08:20:00.979848 #244644]  INFO -- : 0:  execjs (2.0.2) from /usr/libexec/openshift/cartridges/c9-0.1/root/lib/ruby/gems/specifications/execjs-2.0.2.gemspec
I, [2014-02-25T08:20:00.980500 #244644]  INFO -- : 0:  coffee-script (2.2.0) from /usr/libexec/openshift/cartridges/c9-0.1/root/lib/ruby/gems/specifications/coffee-script-2.2.0.gemspec
I, [2014-02-25T08:20:00.983119 #244644]  INFO -- : 0:  thor (0.18.1) from /usr/libexec/openshift/cartridges/c9-0.1/root/lib/ruby/gems/specifications/thor-0.18.1.gemspec
I, [2014-02-25T08:20:00.988165 #244644]  INFO -- : 0:  railties (4.0.3) from /var/lib/stickshift/530881cb50044639600000a5/app-root/data/lib/ruby/gems/specifications/railties-4.0.3.gemspec
I, [2014-02-25T08:20:00.989012 #244644]  INFO -- : 0:  coffee-rails (4.0.1) from /usr/libexec/openshift/cartridges/c9-0.1/root/lib/ruby/gems/specifications/coffee-rails-4.0.1.gemspec
I, [2014-02-25T08:20:00.989602 #244644]  INFO -- : 0:  diff-lcs (1.2.5) from /var/lib/stickshift/530881cb50044639600000a5/app-root/data/lib/ruby/gems/specifications/diff-lcs-1.2.5.gemspec
I, [2014-02-25T08:20:00.990217 #244644]  INFO -- : 0:  hike (1.2.3) from /usr/libexec/openshift/cartridges/c9-0.1/root/lib/ruby/gems/specifications/hike-1.2.3.gemspec
I, [2014-02-25T08:20:00.990882 #244644]  INFO -- : 0:  jbuilder (1.0.2) from /var/lib/stickshift/530881cb50044639600000a5/app-root/data/lib/ruby/gems/specifications/jbuilder-1.0.2.gemspec
I, [2014-02-25T08:20:00.991533 #244644]  INFO -- : 0:  jquery-rails (3.0.4) from /usr/libexec/openshift/cartridges/c9-0.1/root/lib/ruby/gems/specifications/jquery-rails-3.0.4.gemspec
I, [2014-02-25T08:20:00.998288 #244644]  INFO -- : 0:  json (1.8.1) from /usr/libexec/openshift/cartridges/c9-0.1/root/lib/ruby/gems/specifications/json-1.8.1.gemspec
I, [2014-02-25T08:20:00.999379 #244644]  INFO -- : 0:  bundler (1.5.1) from /usr/libexec/openshift/cartridges/c9-0.1/root/lib/ruby/gems/specifications/bundler-1.5.1.gemspec
I, [2014-02-25T08:20:01.001353 #244644]  INFO -- : 0:  tilt (1.4.1) from /usr/libexec/openshift/cartridges/c9-0.1/root/lib/ruby/gems/specifications/tilt-1.4.1.gemspec
I, [2014-02-25T08:20:01.002076 #244644]  INFO -- : 0:  sprockets (2.11.0) from /var/lib/stickshift/530881cb50044639600000a5/app-root/data/lib/ruby/gems/specifications/sprockets-2.11.0.gemspec
I, [2014-02-25T08:20:01.002685 #244644]  INFO -- : 0:  sprockets-rails (2.0.1) from /usr/libexec/openshift/cartridges/c9-0.1/root/lib/ruby/gems/specifications/sprockets-rails-2.0.1.gemspec
I, [2014-02-25T08:20:01.048745 #244644]  INFO -- : 0:  rails (4.0.3) from /var/lib/stickshift/530881cb50044639600000a5/app-root/data/lib/ruby/gems/specifications/rails-4.0.3.gemspec
I, [2014-02-25T08:20:01.054120 #244644]  INFO -- : 0:  rdoc (3.12.2) from /var/lib/stickshift/530881cb50044639600000a5/app-root/data/lib/ruby/gems/specifications/rdoc-3.12.2.gemspec
I, [2014-02-25T08:20:01.054745 #244644]  INFO -- : 0:  rspec-core (2.13.1) from /var/lib/stickshift/530881cb50044639600000a5/app-root/data/lib/ruby/gems/specifications/rspec-core-2.13.1.gemspec
I, [2014-02-25T08:20:01.060725 #244644]  INFO -- : 0:  rspec-expectations (2.13.0) from /var/lib/stickshift/530881cb50044639600000a5/app-root/data/lib/ruby/gems/specifications/rspec-expectations-2.13.0.gemspec
I, [2014-02-25T08:20:01.064460 #244644]  INFO -- : 0:  rspec-mocks (2.13.1) from /var/lib/stickshift/530881cb50044639600000a5/app-root/data/lib/ruby/gems/specifications/rspec-mocks-2.13.1.gemspec
I, [2014-02-25T08:20:01.094698 #244644]  INFO -- : 0:  rspec-rails (2.13.1) from /var/lib/stickshift/530881cb50044639600000a5/app-root/data/lib/ruby/gems/specifications/rspec-rails-2.13.1.gemspec
I, [2014-02-25T08:20:01.098412 #244644]  INFO -- : 0:  rubyzip (0.9.9) from /var/lib/stickshift/530881cb50044639600000a5/app-root/data/lib/ruby/gems/specifications/rubyzip-0.9.9.gemspec
I, [2014-02-25T08:20:01.101975 #244644]  INFO -- : 0:  sass (3.2.14) from /var/lib/stickshift/530881cb50044639600000a5/app-root/data/lib/ruby/gems/specifications/sass-3.2.14.gemspec
I, [2014-02-25T08:20:01.102695 #244644]  INFO -- : 0:  sass-rails (4.0.1) from /usr/libexec/openshift/cartridges/c9-0.1/root/lib/ruby/gems/specifications/sass-rails-4.0.1.gemspec
I, [2014-02-25T08:20:01.107328 #244644]  INFO -- : 0:  sdoc (0.3.20) from /var/lib/stickshift/530881cb50044639600000a5/app-root/data/lib/ruby/gems/specifications/sdoc-0.3.20.gemspec
I, [2014-02-25T08:20:01.111815 #244644]  INFO -- : 0:  websocket (1.0.7) from /var/lib/stickshift/530881cb50044639600000a5/app-root/data/lib/ruby/gems/specifications/websocket-1.0.7.gemspec
I, [2014-02-25T08:20:01.221331 #244644]  INFO -- : 0:  selenium-webdriver (2.35.1) from /var/lib/stickshift/530881cb50044639600000a5/app-root/data/lib/ruby/gems/specifications/selenium-webdriver-2.35.1.gemspec
I, [2014-02-25T08:20:01.227453 #244644]  INFO -- : 0:  sqlite3 (1.3.8) from /usr/libexec/openshift/cartridges/c9-0.1/root/lib/ruby/gems/specifications/sqlite3-1.3.8.gemspec
I, [2014-02-25T08:20:01.244152 #244644]  INFO -- : 0:  turbolinks (1.1.1) from /var/lib/stickshift/530881cb50044639600000a5/app-root/data/lib/ruby/gems/specifications/turbolinks-1.1.1.gemspec
I, [2014-02-25T08:20:01.261143 #244644]  INFO -- : 0:  uglifier (2.1.1) from /var/lib/stickshift/530881cb50044639600000a5/app-root/data/lib/ruby/gems/specifications/uglifier-2.1.1.gemspec
I, [2014-02-26T10:42:07.464381 #518962]  INFO -- : 0:  rake (10.1.1) from /usr/libexec/openshift/cartridges/c9-0.1/root/lib/ruby/gems/specifications/rake-10.1.1.gemspec
I, [2014-02-26T10:42:07.548042 #518962]  INFO -- : 0:  i18n (0.6.9) from /usr/libexec/openshift/cartridges/c9-0.1/root/lib/ruby/gems/specifications/i18n-0.6.9.gemspec
I, [2014-02-26T10:42:07.549602 #518962]  INFO -- : 0:  minitest (4.7.5) from /usr/libexec/openshift/cartridges/c9-0.1/root/lib/ruby/gems/specifications/minitest-4.7.5.gemspec
I, [2014-02-26T10:42:07.550916 #518962]  INFO -- : 0:  multi_json (1.8.4) from /usr/libexec/openshift/cartridges/c9-0.1/root/lib/ruby/gems/specifications/multi_json-1.8.4.gemspec
I, [2014-02-26T10:42:07.554585 #518962]  INFO -- : 0:  atomic (1.1.14) from /usr/libexec/openshift/cartridges/c9-0.1/root/lib/ruby/gems/specifications/atomic-1.1.14.gemspec
I, [2014-02-26T10:42:07.556242 #518962]  INFO -- : 0:  thread_safe (0.1.3) from /usr/libexec/openshift/cartridges/c9-0.1/root/lib/ruby/gems/specifications/thread_safe-0.1.3.gemspec
I, [2014-02-26T10:42:07.557631 #518962]  INFO -- : 0:  tzinfo (0.3.38) from /usr/libexec/openshift/cartridges/c9-0.1/root/lib/ruby/gems/specifications/tzinfo-0.3.38.gemspec
I, [2014-02-26T10:42:07.558997 #518962]  INFO -- : 0:  activesupport (4.0.3) from /var/lib/stickshift/530881cb50044639600000a5/app-root/data/lib/ruby/gems/specifications/activesupport-4.0.3.gemspec
I, [2014-02-26T10:42:07.560150 #518962]  INFO -- : 0:  builder (3.1.4) from /usr/libexec/openshift/cartridges/c9-0.1/root/lib/ruby/gems/specifications/builder-3.1.4.gemspec
I, [2014-02-26T10:42:07.561380 #518962]  INFO -- : 0:  erubis (2.7.0) from /usr/libexec/openshift/cartridges/c9-0.1/root/lib/ruby/gems/specifications/erubis-2.7.0.gemspec
I, [2014-02-26T10:42:07.562688 #518962]  INFO -- : 0:  rack (1.5.2) from /usr/libexec/openshift/cartridges/c9-0.1/root/lib/ruby/gems/specifications/rack-1.5.2.gemspec
I, [2014-02-26T10:42:07.564114 #518962]  INFO -- : 0:  rack-test (0.6.2) from /usr/libexec/openshift/cartridges/c9-0.1/root/lib/ruby/gems/specifications/rack-test-0.6.2.gemspec
I, [2014-02-26T10:42:07.648596 #518962]  INFO -- : 0:  actionpack (4.0.3) from /var/lib/stickshift/530881cb50044639600000a5/app-root/data/lib/ruby/gems/specifications/actionpack-4.0.3.gemspec
I, [2014-02-26T10:42:07.650309 #518962]  INFO -- : 0:  mime-types (1.25.1) from /usr/libexec/openshift/cartridges/c9-0.1/root/lib/ruby/gems/specifications/mime-types-1.25.1.gemspec
I, [2014-02-26T10:42:07.651661 #518962]  INFO -- : 0:  polyglot (0.3.4) from /var/lib/stickshift/530881cb50044639600000a5/app-root/data/lib/ruby/gems/specifications/polyglot-0.3.4.gemspec
I, [2014-02-26T10:42:07.653129 #518962]  INFO -- : 0:  treetop (1.4.15) from /usr/libexec/openshift/cartridges/c9-0.1/root/lib/ruby/gems/specifications/treetop-1.4.15.gemspec
I, [2014-02-26T10:42:07.654531 #518962]  INFO -- : 0:  mail (2.5.4) from /usr/libexec/openshift/cartridges/c9-0.1/root/lib/ruby/gems/specifications/mail-2.5.4.gemspec
I, [2014-02-26T10:42:07.655850 #518962]  INFO -- : 0:  actionmailer (4.0.3) from /var/lib/stickshift/530881cb50044639600000a5/app-root/data/lib/ruby/gems/specifications/actionmailer-4.0.3.gemspec
I, [2014-02-26T10:42:07.658486 #518962]  INFO -- : 0:  activemodel (4.0.3) from /var/lib/stickshift/530881cb50044639600000a5/app-root/data/lib/ruby/gems/specifications/activemodel-4.0.3.gemspec
I, [2014-02-26T10:42:07.659973 #518962]  INFO -- : 0:  activerecord-deprecated_finders (1.0.3) from /usr/libexec/openshift/cartridges/c9-0.1/root/lib/ruby/gems/specifications/activerecord-deprecated_finders-1.0.3.gemspec
I, [2014-02-26T10:42:07.661006 #518962]  INFO -- : 0:  arel (4.0.2) from /var/lib/stickshift/530881cb50044639600000a5/app-root/data/lib/ruby/gems/specifications/arel-4.0.2.gemspec
I, [2014-02-26T10:42:07.662228 #518962]  INFO -- : 0:  activerecord (4.0.3) from /var/lib/stickshift/530881cb50044639600000a5/app-root/data/lib/ruby/gems/specifications/activerecord-4.0.3.gemspec
I, [2014-02-26T10:42:07.663444 #518962]  INFO -- : 0:  sass (3.2.14) from /var/lib/stickshift/530881cb50044639600000a5/app-root/data/lib/ruby/gems/specifications/sass-3.2.14.gemspec
I, [2014-02-26T10:42:15.562538 #518962]  INFO -- : 0:  bootstrap-sass (2.3.2.0) from /var/lib/stickshift/530881cb50044639600000a5/app-root/data/lib/ruby/gems/specifications/bootstrap-sass-2.3.2.0.gemspec
I, [2014-02-26T10:42:15.567997 #518962]  INFO -- : 0:  bundler (1.5.1) from /usr/libexec/openshift/cartridges/c9-0.1/root/lib/ruby/gems/specifications/bundler-1.5.1.gemspec
I, [2014-02-26T10:42:15.569978 #518962]  INFO -- : 0:  mini_portile (0.5.2) from /var/lib/stickshift/530881cb50044639600000a5/app-root/data/lib/ruby/gems/specifications/mini_portile-0.5.2.gemspec
I, [2014-02-26T10:42:15.572492 #518962]  INFO -- : 0:  nokogiri (1.6.1) from /var/lib/stickshift/530881cb50044639600000a5/app-root/data/lib/ruby/gems/specifications/nokogiri-1.6.1.gemspec
I, [2014-02-26T10:42:15.579674 #518962]  INFO -- : 0:  xpath (2.0.0) from /var/lib/stickshift/530881cb50044639600000a5/app-root/data/lib/ruby/gems/specifications/xpath-2.0.0.gemspec
I, [2014-02-26T10:42:15.695748 #518962]  INFO -- : 0:  capybara (2.1.0) from /var/lib/stickshift/530881cb50044639600000a5/app-root/data/lib/ruby/gems/specifications/capybara-2.1.0.gemspec
I, [2014-02-26T10:42:15.705419 #518962]  INFO -- : 0:  ffi (1.9.3) from /var/lib/stickshift/530881cb50044639600000a5/app-root/data/lib/ruby/gems/specifications/ffi-1.9.3.gemspec
I, [2014-02-26T10:42:15.707118 #518962]  INFO -- : 0:  childprocess (0.5.1) from /var/lib/stickshift/530881cb50044639600000a5/app-root/data/lib/ruby/gems/specifications/childprocess-0.5.1.gemspec
I, [2014-02-26T10:42:15.710137 #518962]  INFO -- : 0:  coffee-script-source (1.7.0) from /var/lib/stickshift/530881cb50044639600000a5/app-root/data/lib/ruby/gems/specifications/coffee-script-source-1.7.0.gemspec
I, [2014-02-26T10:42:15.713161 #518962]  INFO -- : 0:  execjs (2.0.2) from /usr/libexec/openshift/cartridges/c9-0.1/root/lib/ruby/gems/specifications/execjs-2.0.2.gemspec
I, [2014-02-26T10:42:15.721397 #518962]  INFO -- : 0:  coffee-script (2.2.0) from /usr/libexec/openshift/cartridges/c9-0.1/root/lib/ruby/gems/specifications/coffee-script-2.2.0.gemspec
I, [2014-02-26T10:42:15.728558 #518962]  INFO -- : 0:  thor (0.18.1) from /usr/libexec/openshift/cartridges/c9-0.1/root/lib/ruby/gems/specifications/thor-0.18.1.gemspec
I, [2014-02-26T10:42:15.732939 #518962]  INFO -- : 0:  railties (4.0.3) from /var/lib/stickshift/530881cb50044639600000a5/app-root/data/lib/ruby/gems/specifications/railties-4.0.3.gemspec
I, [2014-02-26T10:42:15.741339 #518962]  INFO -- : 0:  coffee-rails (4.0.1) from /usr/libexec/openshift/cartridges/c9-0.1/root/lib/ruby/gems/specifications/coffee-rails-4.0.1.gemspec
I, [2014-02-26T10:42:15.749661 #518962]  INFO -- : 0:  diff-lcs (1.2.5) from /var/lib/stickshift/530881cb50044639600000a5/app-root/data/lib/ruby/gems/specifications/diff-lcs-1.2.5.gemspec
I, [2014-02-26T10:42:15.753424 #518962]  INFO -- : 0:  hike (1.2.3) from /usr/libexec/openshift/cartridges/c9-0.1/root/lib/ruby/gems/specifications/hike-1.2.3.gemspec
I, [2014-02-26T10:42:15.762787 #518962]  INFO -- : 0:  jbuilder (1.0.2) from /var/lib/stickshift/530881cb50044639600000a5/app-root/data/lib/ruby/gems/specifications/jbuilder-1.0.2.gemspec
I, [2014-02-26T10:42:15.768566 #518962]  INFO -- : 0:  jquery-rails (3.0.4) from /usr/libexec/openshift/cartridges/c9-0.1/root/lib/ruby/gems/specifications/jquery-rails-3.0.4.gemspec
I, [2014-02-26T10:42:15.778580 #518962]  INFO -- : 0:  json (1.8.1) from /usr/libexec/openshift/cartridges/c9-0.1/root/lib/ruby/gems/specifications/json-1.8.1.gemspec
I, [2014-02-26T10:42:15.784351 #518962]  INFO -- : 0:  tilt (1.4.1) from /usr/libexec/openshift/cartridges/c9-0.1/root/lib/ruby/gems/specifications/tilt-1.4.1.gemspec
I, [2014-02-26T10:42:15.795030 #518962]  INFO -- : 0:  sprockets (2.11.0) from /var/lib/stickshift/530881cb50044639600000a5/app-root/data/lib/ruby/gems/specifications/sprockets-2.11.0.gemspec
I, [2014-02-26T10:42:15.905224 #518962]  INFO -- : 0:  sprockets-rails (2.0.1) from /usr/libexec/openshift/cartridges/c9-0.1/root/lib/ruby/gems/specifications/sprockets-rails-2.0.1.gemspec
I, [2014-02-26T10:42:15.935955 #518962]  INFO -- : 0:  rails (4.0.3) from /var/lib/stickshift/530881cb50044639600000a5/app-root/data/lib/ruby/gems/specifications/rails-4.0.3.gemspec
I, [2014-02-26T10:42:15.942019 #518962]  INFO -- : 0:  rdoc (3.12.2) from /var/lib/stickshift/530881cb50044639600000a5/app-root/data/lib/ruby/gems/specifications/rdoc-3.12.2.gemspec
I, [2014-02-26T10:42:15.958142 #518962]  INFO -- : 0:  rspec-core (2.13.1) from /var/lib/stickshift/530881cb50044639600000a5/app-root/data/lib/ruby/gems/specifications/rspec-core-2.13.1.gemspec
I, [2014-02-26T10:42:15.969695 #518962]  INFO -- : 0:  rspec-expectations (2.13.0) from /var/lib/stickshift/530881cb50044639600000a5/app-root/data/lib/ruby/gems/specifications/rspec-expectations-2.13.0.gemspec
I, [2014-02-26T10:42:15.997935 #518962]  INFO -- : 0:  rspec-mocks (2.13.1) from /var/lib/stickshift/530881cb50044639600000a5/app-root/data/lib/ruby/gems/specifications/rspec-mocks-2.13.1.gemspec
I, [2014-02-26T10:42:16.009878 #518962]  INFO -- : 0:  rspec-rails (2.13.1) from /var/lib/stickshift/530881cb50044639600000a5/app-root/data/lib/ruby/gems/specifications/rspec-rails-2.13.1.gemspec
I, [2014-02-26T10:42:16.047639 #518962]  INFO -- : 0:  rubyzip (0.9.9) from /var/lib/stickshift/530881cb50044639600000a5/app-root/data/lib/ruby/gems/specifications/rubyzip-0.9.9.gemspec
I, [2014-02-26T10:42:16.055567 #518962]  INFO -- : 0:  sass-rails (4.0.1) from /usr/libexec/openshift/cartridges/c9-0.1/root/lib/ruby/gems/specifications/sass-rails-4.0.1.gemspec
I, [2014-02-26T10:42:16.061831 #518962]  INFO -- : 0:  sdoc (0.3.20) from /var/lib/stickshift/530881cb50044639600000a5/app-root/data/lib/ruby/gems/specifications/sdoc-0.3.20.gemspec
I, [2014-02-26T10:42:16.063324 #518962]  INFO -- : 0:  websocket (1.0.7) from /var/lib/stickshift/530881cb50044639600000a5/app-root/data/lib/ruby/gems/specifications/websocket-1.0.7.gemspec
I, [2014-02-26T10:42:16.068679 #518962]  INFO -- : 0:  selenium-webdriver (2.35.1) from /var/lib/stickshift/530881cb50044639600000a5/app-root/data/lib/ruby/gems/specifications/selenium-webdriver-2.35.1.gemspec
I, [2014-02-26T10:42:16.070255 #518962]  INFO -- : 0:  sqlite3 (1.3.8) from /usr/libexec/openshift/cartridges/c9-0.1/root/lib/ruby/gems/specifications/sqlite3-1.3.8.gemspec
I, [2014-02-26T10:42:16.071402 #518962]  INFO -- : 0:  turbolinks (1.1.1) from /var/lib/stickshift/530881cb50044639600000a5/app-root/data/lib/ruby/gems/specifications/turbolinks-1.1.1.gemspec
I, [2014-02-26T10:42:16.072861 #518962]  INFO -- : 0:  uglifier (2.1.1) from /var/lib/stickshift/530881cb50044639600000a5/app-root/data/lib/ruby/gems/specifications/uglifier-2.1.1.gemspec
I, [2014-02-27T04:43:49.949443 #515463]  INFO -- : 0:  rake (10.1.1) from /usr/libexec/openshift/cartridges/c9-0.1/root/lib/ruby/gems/specifications/rake-10.1.1.gemspec
I, [2014-02-27T04:43:49.974690 #515463]  INFO -- : 0:  i18n (0.6.9) from /usr/libexec/openshift/cartridges/c9-0.1/root/lib/ruby/gems/specifications/i18n-0.6.9.gemspec
I, [2014-02-27T04:43:49.975875 #515463]  INFO -- : 0:  minitest (4.7.5) from /usr/libexec/openshift/cartridges/c9-0.1/root/lib/ruby/gems/specifications/minitest-4.7.5.gemspec
I, [2014-02-27T04:43:49.976887 #515463]  INFO -- : 0:  multi_json (1.8.4) from /usr/libexec/openshift/cartridges/c9-0.1/root/lib/ruby/gems/specifications/multi_json-1.8.4.gemspec
I, [2014-02-27T04:43:49.977862 #515463]  INFO -- : 0:  atomic (1.1.14) from /usr/libexec/openshift/cartridges/c9-0.1/root/lib/ruby/gems/specifications/atomic-1.1.14.gemspec
I, [2014-02-27T04:43:50.097795 #515463]  INFO -- : 0:  thread_safe (0.1.3) from /usr/libexec/openshift/cartridges/c9-0.1/root/lib/ruby/gems/specifications/thread_safe-0.1.3.gemspec
I, [2014-02-27T04:43:50.099447 #515463]  INFO -- : 0:  tzinfo (0.3.38) from /usr/libexec/openshift/cartridges/c9-0.1/root/lib/ruby/gems/specifications/tzinfo-0.3.38.gemspec
I, [2014-02-27T04:43:50.100736 #515463]  INFO -- : 0:  activesupport (4.0.3) from /var/lib/stickshift/530881cb50044639600000a5/app-root/data/lib/ruby/gems/specifications/activesupport-4.0.3.gemspec
I, [2014-02-27T04:43:50.148601 #515463]  INFO -- : 0:  builder (3.1.4) from /usr/libexec/openshift/cartridges/c9-0.1/root/lib/ruby/gems/specifications/builder-3.1.4.gemspec
I, [2014-02-27T04:43:50.156056 #515463]  INFO -- : 0:  erubis (2.7.0) from /usr/libexec/openshift/cartridges/c9-0.1/root/lib/ruby/gems/specifications/erubis-2.7.0.gemspec
I, [2014-02-27T04:43:50.157455 #515463]  INFO -- : 0:  rack (1.5.2) from /usr/libexec/openshift/cartridges/c9-0.1/root/lib/ruby/gems/specifications/rack-1.5.2.gemspec
I, [2014-02-27T04:43:50.167088 #515463]  INFO -- : 0:  rack-test (0.6.2) from /usr/libexec/openshift/cartridges/c9-0.1/root/lib/ruby/gems/specifications/rack-test-0.6.2.gemspec
I, [2014-02-27T04:43:50.168231 #515463]  INFO -- : 0:  actionpack (4.0.3) from /var/lib/stickshift/530881cb50044639600000a5/app-root/data/lib/ruby/gems/specifications/actionpack-4.0.3.gemspec
I, [2014-02-27T04:43:50.176553 #515463]  INFO -- : 0:  mime-types (1.25.1) from /usr/libexec/openshift/cartridges/c9-0.1/root/lib/ruby/gems/specifications/mime-types-1.25.1.gemspec
I, [2014-02-27T04:43:50.183075 #515463]  INFO -- : 0:  polyglot (0.3.4) from /var/lib/stickshift/530881cb50044639600000a5/app-root/data/lib/ruby/gems/specifications/polyglot-0.3.4.gemspec
I, [2014-02-27T04:43:50.184545 #515463]  INFO -- : 0:  treetop (1.4.15) from /usr/libexec/openshift/cartridges/c9-0.1/root/lib/ruby/gems/specifications/treetop-1.4.15.gemspec
I, [2014-02-27T04:43:50.192578 #515463]  INFO -- : 0:  mail (2.5.4) from /usr/libexec/openshift/cartridges/c9-0.1/root/lib/ruby/gems/specifications/mail-2.5.4.gemspec
I, [2014-02-27T04:43:50.197524 #515463]  INFO -- : 0:  actionmailer (4.0.3) from /var/lib/stickshift/530881cb50044639600000a5/app-root/data/lib/ruby/gems/specifications/actionmailer-4.0.3.gemspec
I, [2014-02-27T04:43:50.198812 #515463]  INFO -- : 0:  activemodel (4.0.3) from /var/lib/stickshift/530881cb50044639600000a5/app-root/data/lib/ruby/gems/specifications/activemodel-4.0.3.gemspec
I, [2014-02-27T04:43:50.200013 #515463]  INFO -- : 0:  activerecord-deprecated_finders (1.0.3) from /usr/libexec/openshift/cartridges/c9-0.1/root/lib/ruby/gems/specifications/activerecord-deprecated_finders-1.0.3.gemspec
I, [2014-02-27T04:43:50.201232 #515463]  INFO -- : 0:  arel (4.0.2) from /var/lib/stickshift/530881cb50044639600000a5/app-root/data/lib/ruby/gems/specifications/arel-4.0.2.gemspec
I, [2014-02-27T04:43:50.202353 #515463]  INFO -- : 0:  activerecord (4.0.3) from /var/lib/stickshift/530881cb50044639600000a5/app-root/data/lib/ruby/gems/specifications/activerecord-4.0.3.gemspec
I, [2014-02-27T04:44:04.151149 #515463]  INFO -- : 0:  bcrypt-ruby (3.1.2) from /var/lib/stickshift/530881cb50044639600000a5/app-root/data/lib/ruby/gems/specifications/bcrypt-ruby-3.1.2.gemspec
I, [2014-02-27T04:44:04.153289 #515463]  INFO -- : 0:  sass (3.2.14) from /var/lib/stickshift/530881cb50044639600000a5/app-root/data/lib/ruby/gems/specifications/sass-3.2.14.gemspec
I, [2014-02-27T04:44:04.154483 #515463]  INFO -- : 0:  bootstrap-sass (2.3.2.0) from /var/lib/stickshift/530881cb50044639600000a5/app-root/data/lib/ruby/gems/specifications/bootstrap-sass-2.3.2.0.gemspec
I, [2014-02-27T04:44:04.159326 #515463]  INFO -- : 0:  bundler (1.5.1) from /usr/libexec/openshift/cartridges/c9-0.1/root/lib/ruby/gems/specifications/bundler-1.5.1.gemspec
I, [2014-02-27T04:44:04.160813 #515463]  INFO -- : 0:  mini_portile (0.5.2) from /var/lib/stickshift/530881cb50044639600000a5/app-root/data/lib/ruby/gems/specifications/mini_portile-0.5.2.gemspec
I, [2014-02-27T04:44:04.161741 #515463]  INFO -- : 0:  nokogiri (1.6.1) from /var/lib/stickshift/530881cb50044639600000a5/app-root/data/lib/ruby/gems/specifications/nokogiri-1.6.1.gemspec
I, [2014-02-27T04:44:04.162928 #515463]  INFO -- : 0:  xpath (2.0.0) from /var/lib/stickshift/530881cb50044639600000a5/app-root/data/lib/ruby/gems/specifications/xpath-2.0.0.gemspec
I, [2014-02-27T04:44:04.164018 #515463]  INFO -- : 0:  capybara (2.1.0) from /var/lib/stickshift/530881cb50044639600000a5/app-root/data/lib/ruby/gems/specifications/capybara-2.1.0.gemspec
I, [2014-02-27T04:44:04.165219 #515463]  INFO -- : 0:  ffi (1.9.3) from /var/lib/stickshift/530881cb50044639600000a5/app-root/data/lib/ruby/gems/specifications/ffi-1.9.3.gemspec
I, [2014-02-27T04:44:04.166349 #515463]  INFO -- : 0:  childprocess (0.5.1) from /var/lib/stickshift/530881cb50044639600000a5/app-root/data/lib/ruby/gems/specifications/childprocess-0.5.1.gemspec
I, [2014-02-27T04:44:04.169175 #515463]  INFO -- : 0:  coffee-script-source (1.7.0) from /var/lib/stickshift/530881cb50044639600000a5/app-root/data/lib/ruby/gems/specifications/coffee-script-source-1.7.0.gemspec
I, [2014-02-27T04:44:04.171097 #515463]  INFO -- : 0:  execjs (2.0.2) from /usr/libexec/openshift/cartridges/c9-0.1/root/lib/ruby/gems/specifications/execjs-2.0.2.gemspec
I, [2014-02-27T04:44:04.172640 #515463]  INFO -- : 0:  coffee-script (2.2.0) from /usr/libexec/openshift/cartridges/c9-0.1/root/lib/ruby/gems/specifications/coffee-script-2.2.0.gemspec
I, [2014-02-27T04:44:04.174234 #515463]  INFO -- : 0:  thor (0.18.1) from /usr/libexec/openshift/cartridges/c9-0.1/root/lib/ruby/gems/specifications/thor-0.18.1.gemspec
I, [2014-02-27T04:44:04.176162 #515463]  INFO -- : 0:  railties (4.0.3) from /var/lib/stickshift/530881cb50044639600000a5/app-root/data/lib/ruby/gems/specifications/railties-4.0.3.gemspec
I, [2014-02-27T04:44:04.177939 #515463]  INFO -- : 0:  coffee-rails (4.0.1) from /usr/libexec/openshift/cartridges/c9-0.1/root/lib/ruby/gems/specifications/coffee-rails-4.0.1.gemspec
I, [2014-02-27T04:44:04.179314 #515463]  INFO -- : 0:  diff-lcs (1.2.5) from /var/lib/stickshift/530881cb50044639600000a5/app-root/data/lib/ruby/gems/specifications/diff-lcs-1.2.5.gemspec
I, [2014-02-27T04:44:04.180562 #515463]  INFO -- : 0:  hike (1.2.3) from /usr/libexec/openshift/cartridges/c9-0.1/root/lib/ruby/gems/specifications/hike-1.2.3.gemspec
I, [2014-02-27T04:44:04.181566 #515463]  INFO -- : 0:  jbuilder (1.0.2) from /var/lib/stickshift/530881cb50044639600000a5/app-root/data/lib/ruby/gems/specifications/jbuilder-1.0.2.gemspec
I, [2014-02-27T04:44:04.182629 #515463]  INFO -- : 0:  jquery-rails (3.0.4) from /usr/libexec/openshift/cartridges/c9-0.1/root/lib/ruby/gems/specifications/jquery-rails-3.0.4.gemspec
I, [2014-02-27T04:44:04.183524 #515463]  INFO -- : 0:  json (1.8.1) from /usr/libexec/openshift/cartridges/c9-0.1/root/lib/ruby/gems/specifications/json-1.8.1.gemspec
I, [2014-02-27T04:44:04.184624 #515463]  INFO -- : 0:  tilt (1.4.1) from /usr/libexec/openshift/cartridges/c9-0.1/root/lib/ruby/gems/specifications/tilt-1.4.1.gemspec
I, [2014-02-27T04:44:04.185596 #515463]  INFO -- : 0:  sprockets (2.11.0) from /var/lib/stickshift/530881cb50044639600000a5/app-root/data/lib/ruby/gems/specifications/sprockets-2.11.0.gemspec
I, [2014-02-27T04:44:04.186722 #515463]  INFO -- : 0:  sprockets-rails (2.0.1) from /usr/libexec/openshift/cartridges/c9-0.1/root/lib/ruby/gems/specifications/sprockets-rails-2.0.1.gemspec
I, [2014-02-27T04:44:04.288180 #515463]  INFO -- : 0:  rails (4.0.3) from /var/lib/stickshift/530881cb50044639600000a5/app-root/data/lib/ruby/gems/specifications/rails-4.0.3.gemspec
I, [2014-02-27T04:44:04.289163 #515463]  INFO -- : 0:  rdoc (3.12.2) from /var/lib/stickshift/530881cb50044639600000a5/app-root/data/lib/ruby/gems/specifications/rdoc-3.12.2.gemspec
I, [2014-02-27T04:44:04.290036 #515463]  INFO -- : 0:  rspec-core (2.13.1) from /var/lib/stickshift/530881cb50044639600000a5/app-root/data/lib/ruby/gems/specifications/rspec-core-2.13.1.gemspec
I, [2014-02-27T04:44:04.290956 #515463]  INFO -- : 0:  rspec-expectations (2.13.0) from /var/lib/stickshift/530881cb50044639600000a5/app-root/data/lib/ruby/gems/specifications/rspec-expectations-2.13.0.gemspec
I, [2014-02-27T04:44:04.291869 #515463]  INFO -- : 0:  rspec-mocks (2.13.1) from /var/lib/stickshift/530881cb50044639600000a5/app-root/data/lib/ruby/gems/specifications/rspec-mocks-2.13.1.gemspec
I, [2014-02-27T04:44:04.292780 #515463]  INFO -- : 0:  rspec-rails (2.13.1) from /var/lib/stickshift/530881cb50044639600000a5/app-root/data/lib/ruby/gems/specifications/rspec-rails-2.13.1.gemspec
I, [2014-02-27T04:44:04.293698 #515463]  INFO -- : 0:  rubyzip (0.9.9) from /var/lib/stickshift/530881cb50044639600000a5/app-root/data/lib/ruby/gems/specifications/rubyzip-0.9.9.gemspec
I, [2014-02-27T04:44:04.294604 #515463]  INFO -- : 0:  sass-rails (4.0.1) from /usr/libexec/openshift/cartridges/c9-0.1/root/lib/ruby/gems/specifications/sass-rails-4.0.1.gemspec
I, [2014-02-27T04:44:04.295497 #515463]  INFO -- : 0:  sdoc (0.3.20) from /var/lib/stickshift/530881cb50044639600000a5/app-root/data/lib/ruby/gems/specifications/sdoc-0.3.20.gemspec
I, [2014-02-27T04:44:04.296490 #515463]  INFO -- : 0:  websocket (1.0.7) from /var/lib/stickshift/530881cb50044639600000a5/app-root/data/lib/ruby/gems/specifications/websocket-1.0.7.gemspec
I, [2014-02-27T04:44:04.297400 #515463]  INFO -- : 0:  selenium-webdriver (2.35.1) from /var/lib/stickshift/530881cb50044639600000a5/app-root/data/lib/ruby/gems/specifications/selenium-webdriver-2.35.1.gemspec
I, [2014-02-27T04:44:04.298278 #515463]  INFO -- : 0:  sqlite3 (1.3.8) from /usr/libexec/openshift/cartridges/c9-0.1/root/lib/ruby/gems/specifications/sqlite3-1.3.8.gemspec
I, [2014-02-27T04:44:04.299325 #515463]  INFO -- : 0:  turbolinks (1.1.1) from /var/lib/stickshift/530881cb50044639600000a5/app-root/data/lib/ruby/gems/specifications/turbolinks-1.1.1.gemspec
I, [2014-02-27T04:44:04.300229 #515463]  INFO -- : 0:  uglifier (2.1.1) from /var/lib/stickshift/530881cb50044639600000a5/app-root/data/lib/ruby/gems/specifications/uglifier-2.1.1.gemspec
I, [2014-02-27T07:55:25.876471 #179304]  INFO -- : 0:  rake (10.1.1) from /usr/libexec/openshift/cartridges/c9-0.1/root/lib/ruby/gems/specifications/rake-10.1.1.gemspec
I, [2014-02-27T07:55:25.946672 #179304]  INFO -- : 0:  i18n (0.6.9) from /usr/libexec/openshift/cartridges/c9-0.1/root/lib/ruby/gems/specifications/i18n-0.6.9.gemspec
I, [2014-02-27T07:55:25.948238 #179304]  INFO -- : 0:  minitest (4.7.5) from /usr/libexec/openshift/cartridges/c9-0.1/root/lib/ruby/gems/specifications/minitest-4.7.5.gemspec
I, [2014-02-27T07:55:25.949215 #179304]  INFO -- : 0:  multi_json (1.8.4) from /usr/libexec/openshift/cartridges/c9-0.1/root/lib/ruby/gems/specifications/multi_json-1.8.4.gemspec
I, [2014-02-27T07:55:25.950257 #179304]  INFO -- : 0:  atomic (1.1.14) from /usr/libexec/openshift/cartridges/c9-0.1/root/lib/ruby/gems/specifications/atomic-1.1.14.gemspec
I, [2014-02-27T07:55:25.951219 #179304]  INFO -- : 0:  thread_safe (0.1.3) from /usr/libexec/openshift/cartridges/c9-0.1/root/lib/ruby/gems/specifications/thread_safe-0.1.3.gemspec
I, [2014-02-27T07:55:25.952167 #179304]  INFO -- : 0:  tzinfo (0.3.38) from /usr/libexec/openshift/cartridges/c9-0.1/root/lib/ruby/gems/specifications/tzinfo-0.3.38.gemspec
I, [2014-02-27T07:55:25.953261 #179304]  INFO -- : 0:  activesupport (4.0.3) from /var/lib/stickshift/530881cb50044639600000a5/app-root/data/lib/ruby/gems/specifications/activesupport-4.0.3.gemspec
I, [2014-02-27T07:55:25.954259 #179304]  INFO -- : 0:  builder (3.1.4) from /usr/libexec/openshift/cartridges/c9-0.1/root/lib/ruby/gems/specifications/builder-3.1.4.gemspec
I, [2014-02-27T07:55:25.955229 #179304]  INFO -- : 0:  erubis (2.7.0) from /usr/libexec/openshift/cartridges/c9-0.1/root/lib/ruby/gems/specifications/erubis-2.7.0.gemspec
I, [2014-02-27T07:55:25.956456 #179304]  INFO -- : 0:  rack (1.5.2) from /usr/libexec/openshift/cartridges/c9-0.1/root/lib/ruby/gems/specifications/rack-1.5.2.gemspec
I, [2014-02-27T07:55:25.957501 #179304]  INFO -- : 0:  rack-test (0.6.2) from /usr/libexec/openshift/cartridges/c9-0.1/root/lib/ruby/gems/specifications/rack-test-0.6.2.gemspec
I, [2014-02-27T07:55:25.958509 #179304]  INFO -- : 0:  actionpack (4.0.3) from /var/lib/stickshift/530881cb50044639600000a5/app-root/data/lib/ruby/gems/specifications/actionpack-4.0.3.gemspec
I, [2014-02-27T07:55:25.959455 #179304]  INFO -- : 0:  mime-types (1.25.1) from /usr/libexec/openshift/cartridges/c9-0.1/root/lib/ruby/gems/specifications/mime-types-1.25.1.gemspec
I, [2014-02-27T07:55:25.960454 #179304]  INFO -- : 0:  polyglot (0.3.4) from /var/lib/stickshift/530881cb50044639600000a5/app-root/data/lib/ruby/gems/specifications/polyglot-0.3.4.gemspec
I, [2014-02-27T07:55:25.961462 #179304]  INFO -- : 0:  treetop (1.4.15) from /usr/libexec/openshift/cartridges/c9-0.1/root/lib/ruby/gems/specifications/treetop-1.4.15.gemspec
I, [2014-02-27T07:55:25.962392 #179304]  INFO -- : 0:  mail (2.5.4) from /usr/libexec/openshift/cartridges/c9-0.1/root/lib/ruby/gems/specifications/mail-2.5.4.gemspec
I, [2014-02-27T07:55:25.963377 #179304]  INFO -- : 0:  actionmailer (4.0.3) from /var/lib/stickshift/530881cb50044639600000a5/app-root/data/lib/ruby/gems/specifications/actionmailer-4.0.3.gemspec
I, [2014-02-27T07:55:25.964435 #179304]  INFO -- : 0:  activemodel (4.0.3) from /var/lib/stickshift/530881cb50044639600000a5/app-root/data/lib/ruby/gems/specifications/activemodel-4.0.3.gemspec
I, [2014-02-27T07:55:25.965549 #179304]  INFO -- : 0:  activerecord-deprecated_finders (1.0.3) from /usr/libexec/openshift/cartridges/c9-0.1/root/lib/ruby/gems/specifications/activerecord-deprecated_finders-1.0.3.gemspec
I, [2014-02-27T07:55:25.966718 #179304]  INFO -- : 0:  arel (4.0.2) from /var/lib/stickshift/530881cb50044639600000a5/app-root/data/lib/ruby/gems/specifications/arel-4.0.2.gemspec
I, [2014-02-27T07:55:25.967834 #179304]  INFO -- : 0:  activerecord (4.0.3) from /var/lib/stickshift/530881cb50044639600000a5/app-root/data/lib/ruby/gems/specifications/activerecord-4.0.3.gemspec
I, [2014-02-27T07:55:25.968795 #179304]  INFO -- : 0:  bcrypt-ruby (3.1.2) from /var/lib/stickshift/530881cb50044639600000a5/app-root/data/lib/ruby/gems/specifications/bcrypt-ruby-3.1.2.gemspec
I, [2014-02-27T07:55:25.969748 #179304]  INFO -- : 0:  sass (3.2.14) from /var/lib/stickshift/530881cb50044639600000a5/app-root/data/lib/ruby/gems/specifications/sass-3.2.14.gemspec
I, [2014-02-27T07:55:25.970732 #179304]  INFO -- : 0:  bootstrap-sass (2.3.2.0) from /var/lib/stickshift/530881cb50044639600000a5/app-root/data/lib/ruby/gems/specifications/bootstrap-sass-2.3.2.0.gemspec
I, [2014-02-27T07:55:25.971619 #179304]  INFO -- : 0:  bundler (1.5.1) from /usr/libexec/openshift/cartridges/c9-0.1/root/lib/ruby/gems/specifications/bundler-1.5.1.gemspec
I, [2014-02-27T07:55:25.972669 #179304]  INFO -- : 0:  mini_portile (0.5.2) from /var/lib/stickshift/530881cb50044639600000a5/app-root/data/lib/ruby/gems/specifications/mini_portile-0.5.2.gemspec
I, [2014-02-27T07:55:25.973633 #179304]  INFO -- : 0:  nokogiri (1.6.1) from /var/lib/stickshift/530881cb50044639600000a5/app-root/data/lib/ruby/gems/specifications/nokogiri-1.6.1.gemspec
I, [2014-02-27T07:55:25.974610 #179304]  INFO -- : 0:  xpath (2.0.0) from /var/lib/stickshift/530881cb50044639600000a5/app-root/data/lib/ruby/gems/specifications/xpath-2.0.0.gemspec
I, [2014-02-27T07:55:26.047966 #179304]  INFO -- : 0:  capybara (2.1.0) from /var/lib/stickshift/530881cb50044639600000a5/app-root/data/lib/ruby/gems/specifications/capybara-2.1.0.gemspec
I, [2014-02-27T07:55:26.049301 #179304]  INFO -- : 0:  ffi (1.9.3) from /var/lib/stickshift/530881cb50044639600000a5/app-root/data/lib/ruby/gems/specifications/ffi-1.9.3.gemspec
I, [2014-02-27T07:55:26.050387 #179304]  INFO -- : 0:  childprocess (0.5.1) from /var/lib/stickshift/530881cb50044639600000a5/app-root/data/lib/ruby/gems/specifications/childprocess-0.5.1.gemspec
I, [2014-02-27T07:55:26.051388 #179304]  INFO -- : 0:  coffee-script-source (1.7.0) from /var/lib/stickshift/530881cb50044639600000a5/app-root/data/lib/ruby/gems/specifications/coffee-script-source-1.7.0.gemspec
I, [2014-02-27T07:55:26.052472 #179304]  INFO -- : 0:  execjs (2.0.2) from /usr/libexec/openshift/cartridges/c9-0.1/root/lib/ruby/gems/specifications/execjs-2.0.2.gemspec
I, [2014-02-27T07:55:26.053553 #179304]  INFO -- : 0:  coffee-script (2.2.0) from /usr/libexec/openshift/cartridges/c9-0.1/root/lib/ruby/gems/specifications/coffee-script-2.2.0.gemspec
I, [2014-02-27T07:55:26.054578 #179304]  INFO -- : 0:  thor (0.18.1) from /usr/libexec/openshift/cartridges/c9-0.1/root/lib/ruby/gems/specifications/thor-0.18.1.gemspec
I, [2014-02-27T07:55:26.055862 #179304]  INFO -- : 0:  railties (4.0.3) from /var/lib/stickshift/530881cb50044639600000a5/app-root/data/lib/ruby/gems/specifications/railties-4.0.3.gemspec
I, [2014-02-27T07:55:26.056970 #179304]  INFO -- : 0:  coffee-rails (4.0.1) from /usr/libexec/openshift/cartridges/c9-0.1/root/lib/ruby/gems/specifications/coffee-rails-4.0.1.gemspec
I, [2014-02-27T07:55:26.058134 #179304]  INFO -- : 0:  diff-lcs (1.2.5) from /var/lib/stickshift/530881cb50044639600000a5/app-root/data/lib/ruby/gems/specifications/diff-lcs-1.2.5.gemspec
I, [2014-02-27T07:55:26.059152 #179304]  INFO -- : 0:  hike (1.2.3) from /usr/libexec/openshift/cartridges/c9-0.1/root/lib/ruby/gems/specifications/hike-1.2.3.gemspec
I, [2014-02-27T07:55:26.060300 #179304]  INFO -- : 0:  jbuilder (1.0.2) from /var/lib/stickshift/530881cb50044639600000a5/app-root/data/lib/ruby/gems/specifications/jbuilder-1.0.2.gemspec
I, [2014-02-27T07:55:26.061281 #179304]  INFO -- : 0:  jquery-rails (3.0.4) from /usr/libexec/openshift/cartridges/c9-0.1/root/lib/ruby/gems/specifications/jquery-rails-3.0.4.gemspec
I, [2014-02-27T07:55:26.062207 #179304]  INFO -- : 0:  json (1.8.1) from /usr/libexec/openshift/cartridges/c9-0.1/root/lib/ruby/gems/specifications/json-1.8.1.gemspec
I, [2014-02-27T07:56:20.254349 #179304]  INFO -- : 0:  pg (0.15.1) from /var/lib/stickshift/530881cb50044639600000a5/app-root/data/lib/ruby/gems/specifications/pg-0.15.1.gemspec
I, [2014-02-27T07:56:20.256019 #179304]  INFO -- : 0:  tilt (1.4.1) from /usr/libexec/openshift/cartridges/c9-0.1/root/lib/ruby/gems/specifications/tilt-1.4.1.gemspec
I, [2014-02-27T07:56:20.257021 #179304]  INFO -- : 0:  sprockets (2.11.0) from /var/lib/stickshift/530881cb50044639600000a5/app-root/data/lib/ruby/gems/specifications/sprockets-2.11.0.gemspec
I, [2014-02-27T07:56:20.257946 #179304]  INFO -- : 0:  sprockets-rails (2.0.1) from /usr/libexec/openshift/cartridges/c9-0.1/root/lib/ruby/gems/specifications/sprockets-rails-2.0.1.gemspec
I, [2014-02-27T07:56:20.258926 #179304]  INFO -- : 0:  rails (4.0.3) from /var/lib/stickshift/530881cb50044639600000a5/app-root/data/lib/ruby/gems/specifications/rails-4.0.3.gemspec
I, [2014-02-27T07:56:20.260593 #179304]  INFO -- : 0:  rdoc (3.12.2) from /var/lib/stickshift/530881cb50044639600000a5/app-root/data/lib/ruby/gems/specifications/rdoc-3.12.2.gemspec
I, [2014-02-27T07:56:20.262318 #179304]  INFO -- : 0:  rspec-core (2.13.1) from /var/lib/stickshift/530881cb50044639600000a5/app-root/data/lib/ruby/gems/specifications/rspec-core-2.13.1.gemspec
I, [2014-02-27T07:56:20.263308 #179304]  INFO -- : 0:  rspec-expectations (2.13.0) from /var/lib/stickshift/530881cb50044639600000a5/app-root/data/lib/ruby/gems/specifications/rspec-expectations-2.13.0.gemspec
I, [2014-02-27T07:56:20.264276 #179304]  INFO -- : 0:  rspec-mocks (2.13.1) from /var/lib/stickshift/530881cb50044639600000a5/app-root/data/lib/ruby/gems/specifications/rspec-mocks-2.13.1.gemspec
I, [2014-02-27T07:56:20.265303 #179304]  INFO -- : 0:  rspec-rails (2.13.1) from /var/lib/stickshift/530881cb50044639600000a5/app-root/data/lib/ruby/gems/specifications/rspec-rails-2.13.1.gemspec
I, [2014-02-27T07:56:20.266349 #179304]  INFO -- : 0:  rubyzip (0.9.9) from /var/lib/stickshift/530881cb50044639600000a5/app-root/data/lib/ruby/gems/specifications/rubyzip-0.9.9.gemspec
I, [2014-02-27T07:56:20.267353 #179304]  INFO -- : 0:  sass-rails (4.0.1) from /usr/libexec/openshift/cartridges/c9-0.1/root/lib/ruby/gems/specifications/sass-rails-4.0.1.gemspec
I, [2014-02-27T07:56:20.268353 #179304]  INFO -- : 0:  sdoc (0.3.20) from /var/lib/stickshift/530881cb50044639600000a5/app-root/data/lib/ruby/gems/specifications/sdoc-0.3.20.gemspec
I, [2014-02-27T07:56:20.269323 #179304]  INFO -- : 0:  websocket (1.0.7) from /var/lib/stickshift/530881cb50044639600000a5/app-root/data/lib/ruby/gems/specifications/websocket-1.0.7.gemspec
I, [2014-02-27T07:56:20.270346 #179304]  INFO -- : 0:  selenium-webdriver (2.35.1) from /var/lib/stickshift/530881cb50044639600000a5/app-root/data/lib/ruby/gems/specifications/selenium-webdriver-2.35.1.gemspec
I, [2014-02-27T07:56:20.271337 #179304]  INFO -- : 0:  turbolinks (1.1.1) from /var/lib/stickshift/530881cb50044639600000a5/app-root/data/lib/ruby/gems/specifications/turbolinks-1.1.1.gemspec
I, [2014-02-27T07:56:20.272304 #179304]  INFO -- : 0:  uglifier (2.1.1) from /var/lib/stickshift/530881cb50044639600000a5/app-root/data/lib/ruby/gems/specifications/uglifier-2.1.1.gemspec
I, [2014-02-27T07:59:52.468505 #183728]  INFO -- : 0:  rake (10.1.1) from /usr/libexec/openshift/cartridges/c9-0.1/root/lib/ruby/gems/specifications/rake-10.1.1.gemspec
I, [2014-02-27T07:59:52.470374 #183728]  INFO -- : 0:  i18n (0.6.9) from /usr/libexec/openshift/cartridges/c9-0.1/root/lib/ruby/gems/specifications/i18n-0.6.9.gemspec
I, [2014-02-27T07:59:52.473106 #183728]  INFO -- : 0:  minitest (4.7.5) from /usr/libexec/openshift/cartridges/c9-0.1/root/lib/ruby/gems/specifications/minitest-4.7.5.gemspec
I, [2014-02-27T07:59:52.474283 #183728]  INFO -- : 0:  multi_json (1.8.4) from /usr/libexec/openshift/cartridges/c9-0.1/root/lib/ruby/gems/specifications/multi_json-1.8.4.gemspec
I, [2014-02-27T07:59:52.475182 #183728]  INFO -- : 0:  atomic (1.1.14) from /usr/libexec/openshift/cartridges/c9-0.1/root/lib/ruby/gems/specifications/atomic-1.1.14.gemspec
I, [2014-02-27T07:59:52.476335 #183728]  INFO -- : 0:  thread_safe (0.1.3) from /usr/libexec/openshift/cartridges/c9-0.1/root/lib/ruby/gems/specifications/thread_safe-0.1.3.gemspec
I, [2014-02-27T07:59:52.477426 #183728]  INFO -- : 0:  tzinfo (0.3.38) from /usr/libexec/openshift/cartridges/c9-0.1/root/lib/ruby/gems/specifications/tzinfo-0.3.38.gemspec
I, [2014-02-27T07:59:52.481708 #183728]  INFO -- : 0:  activesupport (4.0.3) from /var/lib/stickshift/530881cb50044639600000a5/app-root/data/lib/ruby/gems/specifications/activesupport-4.0.3.gemspec
I, [2014-02-27T07:59:52.546961 #183728]  INFO -- : 0:  builder (3.1.4) from /usr/libexec/openshift/cartridges/c9-0.1/root/lib/ruby/gems/specifications/builder-3.1.4.gemspec
I, [2014-02-27T07:59:52.548639 #183728]  INFO -- : 0:  erubis (2.7.0) from /usr/libexec/openshift/cartridges/c9-0.1/root/lib/ruby/gems/specifications/erubis-2.7.0.gemspec
I, [2014-02-27T07:59:52.549985 #183728]  INFO -- : 0:  rack (1.5.2) from /usr/libexec/openshift/cartridges/c9-0.1/root/lib/ruby/gems/specifications/rack-1.5.2.gemspec
I, [2014-02-27T07:59:52.551012 #183728]  INFO -- : 0:  rack-test (0.6.2) from /usr/libexec/openshift/cartridges/c9-0.1/root/lib/ruby/gems/specifications/rack-test-0.6.2.gemspec
I, [2014-02-27T07:59:52.553558 #183728]  INFO -- : 0:  actionpack (4.0.3) from /var/lib/stickshift/530881cb50044639600000a5/app-root/data/lib/ruby/gems/specifications/actionpack-4.0.3.gemspec
I, [2014-02-27T07:59:52.554875 #183728]  INFO -- : 0:  mime-types (1.25.1) from /usr/libexec/openshift/cartridges/c9-0.1/root/lib/ruby/gems/specifications/mime-types-1.25.1.gemspec
I, [2014-02-27T07:59:52.555810 #183728]  INFO -- : 0:  polyglot (0.3.4) from /var/lib/stickshift/530881cb50044639600000a5/app-root/data/lib/ruby/gems/specifications/polyglot-0.3.4.gemspec
I, [2014-02-27T07:59:52.556711 #183728]  INFO -- : 0:  treetop (1.4.15) from /usr/libexec/openshift/cartridges/c9-0.1/root/lib/ruby/gems/specifications/treetop-1.4.15.gemspec
I, [2014-02-27T07:59:52.557825 #183728]  INFO -- : 0:  mail (2.5.4) from /usr/libexec/openshift/cartridges/c9-0.1/root/lib/ruby/gems/specifications/mail-2.5.4.gemspec
I, [2014-02-27T07:59:52.562266 #183728]  INFO -- : 0:  actionmailer (4.0.3) from /var/lib/stickshift/530881cb50044639600000a5/app-root/data/lib/ruby/gems/specifications/actionmailer-4.0.3.gemspec
I, [2014-02-27T07:59:52.563775 #183728]  INFO -- : 0:  activemodel (4.0.3) from /var/lib/stickshift/530881cb50044639600000a5/app-root/data/lib/ruby/gems/specifications/activemodel-4.0.3.gemspec
I, [2014-02-27T07:59:52.564750 #183728]  INFO -- : 0:  activerecord-deprecated_finders (1.0.3) from /usr/libexec/openshift/cartridges/c9-0.1/root/lib/ruby/gems/specifications/activerecord-deprecated_finders-1.0.3.gemspec
I, [2014-02-27T07:59:52.575680 #183728]  INFO -- : 0:  arel (4.0.2) from /var/lib/stickshift/530881cb50044639600000a5/app-root/data/lib/ruby/gems/specifications/arel-4.0.2.gemspec
I, [2014-02-27T07:59:52.647546 #183728]  INFO -- : 0:  activerecord (4.0.3) from /var/lib/stickshift/530881cb50044639600000a5/app-root/data/lib/ruby/gems/specifications/activerecord-4.0.3.gemspec
I, [2014-02-27T07:59:52.649060 #183728]  INFO -- : 0:  bcrypt-ruby (3.1.2) from /var/lib/stickshift/530881cb50044639600000a5/app-root/data/lib/ruby/gems/specifications/bcrypt-ruby-3.1.2.gemspec
I, [2014-02-27T07:59:52.650164 #183728]  INFO -- : 0:  sass (3.2.14) from /var/lib/stickshift/530881cb50044639600000a5/app-root/data/lib/ruby/gems/specifications/sass-3.2.14.gemspec
I, [2014-02-27T07:59:52.651067 #183728]  INFO -- : 0:  bootstrap-sass (2.3.2.0) from /var/lib/stickshift/530881cb50044639600000a5/app-root/data/lib/ruby/gems/specifications/bootstrap-sass-2.3.2.0.gemspec
I, [2014-02-27T07:59:52.659621 #183728]  INFO -- : 0:  mini_portile (0.5.2) from /var/lib/stickshift/530881cb50044639600000a5/app-root/data/lib/ruby/gems/specifications/mini_portile-0.5.2.gemspec
I, [2014-02-27T07:59:52.661531 #183728]  INFO -- : 0:  nokogiri (1.6.1) from /var/lib/stickshift/530881cb50044639600000a5/app-root/data/lib/ruby/gems/specifications/nokogiri-1.6.1.gemspec
I, [2014-02-27T07:59:52.665959 #183728]  INFO -- : 0:  xpath (2.0.0) from /var/lib/stickshift/530881cb50044639600000a5/app-root/data/lib/ruby/gems/specifications/xpath-2.0.0.gemspec
I, [2014-02-27T07:59:52.668316 #183728]  INFO -- : 0:  capybara (2.1.0) from /var/lib/stickshift/530881cb50044639600000a5/app-root/data/lib/ruby/gems/specifications/capybara-2.1.0.gemspec
I, [2014-02-27T07:59:52.674006 #183728]  INFO -- : 0:  ffi (1.9.3) from /var/lib/stickshift/530881cb50044639600000a5/app-root/data/lib/ruby/gems/specifications/ffi-1.9.3.gemspec
I, [2014-02-27T07:59:52.678043 #183728]  INFO -- : 0:  childprocess (0.5.1) from /var/lib/stickshift/530881cb50044639600000a5/app-root/data/lib/ruby/gems/specifications/childprocess-0.5.1.gemspec
I, [2014-02-27T07:59:52.679412 #183728]  INFO -- : 0:  coffee-script-source (1.7.0) from /var/lib/stickshift/530881cb50044639600000a5/app-root/data/lib/ruby/gems/specifications/coffee-script-source-1.7.0.gemspec
I, [2014-02-27T07:59:52.680897 #183728]  INFO -- : 0:  execjs (2.0.2) from /usr/libexec/openshift/cartridges/c9-0.1/root/lib/ruby/gems/specifications/execjs-2.0.2.gemspec
I, [2014-02-27T07:59:52.681889 #183728]  INFO -- : 0:  coffee-script (2.2.0) from /usr/libexec/openshift/cartridges/c9-0.1/root/lib/ruby/gems/specifications/coffee-script-2.2.0.gemspec
I, [2014-02-27T07:59:52.749397 #183728]  INFO -- : 0:  thor (0.18.1) from /usr/libexec/openshift/cartridges/c9-0.1/root/lib/ruby/gems/specifications/thor-0.18.1.gemspec
I, [2014-02-27T07:59:52.757586 #183728]  INFO -- : 0:  railties (4.0.3) from /var/lib/stickshift/530881cb50044639600000a5/app-root/data/lib/ruby/gems/specifications/railties-4.0.3.gemspec
I, [2014-02-27T07:59:52.880150 #183728]  INFO -- : 0:  coffee-rails (4.0.1) from /usr/libexec/openshift/cartridges/c9-0.1/root/lib/ruby/gems/specifications/coffee-rails-4.0.1.gemspec
I, [2014-02-27T07:59:52.949410 #183728]  INFO -- : 0:  diff-lcs (1.2.5) from /var/lib/stickshift/530881cb50044639600000a5/app-root/data/lib/ruby/gems/specifications/diff-lcs-1.2.5.gemspec
I, [2014-02-27T07:59:52.951688 #183728]  INFO -- : 0:  hike (1.2.3) from /usr/libexec/openshift/cartridges/c9-0.1/root/lib/ruby/gems/specifications/hike-1.2.3.gemspec
I, [2014-02-27T07:59:52.952979 #183728]  INFO -- : 0:  jbuilder (1.0.2) from /var/lib/stickshift/530881cb50044639600000a5/app-root/data/lib/ruby/gems/specifications/jbuilder-1.0.2.gemspec
I, [2014-02-27T07:59:52.953965 #183728]  INFO -- : 0:  jquery-rails (3.0.4) from /usr/libexec/openshift/cartridges/c9-0.1/root/lib/ruby/gems/specifications/jquery-rails-3.0.4.gemspec
I, [2014-02-27T07:59:52.956245 #183728]  INFO -- : 0:  json (1.8.1) from /usr/libexec/openshift/cartridges/c9-0.1/root/lib/ruby/gems/specifications/json-1.8.1.gemspec
I, [2014-02-27T07:59:52.957491 #183728]  INFO -- : 0:  pg (0.15.1) from /var/lib/stickshift/530881cb50044639600000a5/app-root/data/lib/ruby/gems/specifications/pg-0.15.1.gemspec
I, [2014-02-27T07:59:52.958897 #183728]  INFO -- : 0:  bundler (1.5.1) from /usr/libexec/openshift/cartridges/c9-0.1/root/lib/ruby/gems/specifications/bundler-1.5.1.gemspec
I, [2014-02-27T07:59:52.959889 #183728]  INFO -- : 0:  tilt (1.4.1) from /usr/libexec/openshift/cartridges/c9-0.1/root/lib/ruby/gems/specifications/tilt-1.4.1.gemspec
I, [2014-02-27T07:59:52.963680 #183728]  INFO -- : 0:  sprockets (2.11.0) from /var/lib/stickshift/530881cb50044639600000a5/app-root/data/lib/ruby/gems/specifications/sprockets-2.11.0.gemspec
I, [2014-02-27T07:59:52.967290 #183728]  INFO -- : 0:  sprockets-rails (2.0.1) from /usr/libexec/openshift/cartridges/c9-0.1/root/lib/ruby/gems/specifications/sprockets-rails-2.0.1.gemspec
I, [2014-02-27T07:59:52.968448 #183728]  INFO -- : 0:  rails (4.0.3) from /var/lib/stickshift/530881cb50044639600000a5/app-root/data/lib/ruby/gems/specifications/rails-4.0.3.gemspec
I, [2014-02-27T07:59:53.047328 #183728]  INFO -- : 0:  rdoc (3.12.2) from /var/lib/stickshift/530881cb50044639600000a5/app-root/data/lib/ruby/gems/specifications/rdoc-3.12.2.gemspec
I, [2014-02-27T07:59:53.049940 #183728]  INFO -- : 0:  rspec-core (2.13.1) from /var/lib/stickshift/530881cb50044639600000a5/app-root/data/lib/ruby/gems/specifications/rspec-core-2.13.1.gemspec
I, [2014-02-27T07:59:53.051196 #183728]  INFO -- : 0:  rspec-expectations (2.13.0) from /var/lib/stickshift/530881cb50044639600000a5/app-root/data/lib/ruby/gems/specifications/rspec-expectations-2.13.0.gemspec
I, [2014-02-27T07:59:53.052790 #183728]  INFO -- : 0:  rspec-mocks (2.13.1) from /var/lib/stickshift/530881cb50044639600000a5/app-root/data/lib/ruby/gems/specifications/rspec-mocks-2.13.1.gemspec
I, [2014-02-27T07:59:53.054170 #183728]  INFO -- : 0:  rspec-rails (2.13.1) from /var/lib/stickshift/530881cb50044639600000a5/app-root/data/lib/ruby/gems/specifications/rspec-rails-2.13.1.gemspec
I, [2014-02-27T07:59:53.055230 #183728]  INFO -- : 0:  rubyzip (0.9.9) from /var/lib/stickshift/530881cb50044639600000a5/app-root/data/lib/ruby/gems/specifications/rubyzip-0.9.9.gemspec
I, [2014-02-27T07:59:53.057612 #183728]  INFO -- : 0:  sass-rails (4.0.1) from /usr/libexec/openshift/cartridges/c9-0.1/root/lib/ruby/gems/specifications/sass-rails-4.0.1.gemspec
I, [2014-02-27T07:59:53.058857 #183728]  INFO -- : 0:  sdoc (0.3.20) from /var/lib/stickshift/530881cb50044639600000a5/app-root/data/lib/ruby/gems/specifications/sdoc-0.3.20.gemspec
I, [2014-02-27T07:59:53.059958 #183728]  INFO -- : 0:  websocket (1.0.7) from /var/lib/stickshift/530881cb50044639600000a5/app-root/data/lib/ruby/gems/specifications/websocket-1.0.7.gemspec
I, [2014-02-27T07:59:53.061161 #183728]  INFO -- : 0:  selenium-webdriver (2.35.1) from /var/lib/stickshift/530881cb50044639600000a5/app-root/data/lib/ruby/gems/specifications/selenium-webdriver-2.35.1.gemspec
I, [2014-02-27T07:59:53.062306 #183728]  INFO -- : 0:  turbolinks (1.1.1) from /var/lib/stickshift/530881cb50044639600000a5/app-root/data/lib/ruby/gems/specifications/turbolinks-1.1.1.gemspec
I, [2014-02-27T07:59:53.065090 #183728]  INFO -- : 0:  uglifier (2.1.1) from /var/lib/stickshift/530881cb50044639600000a5/app-root/data/lib/ruby/gems/specifications/uglifier-2.1.1.gemspec
I, [2014-02-27T08:05:00.058954 #191004]  INFO -- : 0:  rake (10.1.1) from /usr/libexec/openshift/cartridges/c9-0.1/root/lib/ruby/gems/specifications/rake-10.1.1.gemspec
I, [2014-02-27T08:05:00.060323 #191004]  INFO -- : 0:  i18n (0.6.9) from /usr/libexec/openshift/cartridges/c9-0.1/root/lib/ruby/gems/specifications/i18n-0.6.9.gemspec
I, [2014-02-27T08:05:00.061268 #191004]  INFO -- : 0:  minitest (4.7.5) from /usr/libexec/openshift/cartridges/c9-0.1/root/lib/ruby/gems/specifications/minitest-4.7.5.gemspec
I, [2014-02-27T08:05:00.062201 #191004]  INFO -- : 0:  multi_json (1.8.4) from /usr/libexec/openshift/cartridges/c9-0.1/root/lib/ruby/gems/specifications/multi_json-1.8.4.gemspec
I, [2014-02-27T08:05:00.063172 #191004]  INFO -- : 0:  atomic (1.1.14) from /usr/libexec/openshift/cartridges/c9-0.1/root/lib/ruby/gems/specifications/atomic-1.1.14.gemspec
I, [2014-02-27T08:05:00.064138 #191004]  INFO -- : 0:  thread_safe (0.1.3) from /usr/libexec/openshift/cartridges/c9-0.1/root/lib/ruby/gems/specifications/thread_safe-0.1.3.gemspec
I, [2014-02-27T08:05:00.065095 #191004]  INFO -- : 0:  tzinfo (0.3.38) from /usr/libexec/openshift/cartridges/c9-0.1/root/lib/ruby/gems/specifications/tzinfo-0.3.38.gemspec
I, [2014-02-27T08:05:00.066064 #191004]  INFO -- : 0:  activesupport (4.0.3) from /var/lib/stickshift/530881cb50044639600000a5/app-root/data/lib/ruby/gems/specifications/activesupport-4.0.3.gemspec
I, [2014-02-27T08:05:00.067055 #191004]  INFO -- : 0:  builder (3.1.4) from /usr/libexec/openshift/cartridges/c9-0.1/root/lib/ruby/gems/specifications/builder-3.1.4.gemspec
I, [2014-02-27T08:05:00.067979 #191004]  INFO -- : 0:  erubis (2.7.0) from /usr/libexec/openshift/cartridges/c9-0.1/root/lib/ruby/gems/specifications/erubis-2.7.0.gemspec
I, [2014-02-27T08:05:00.068878 #191004]  INFO -- : 0:  rack (1.5.2) from /usr/libexec/openshift/cartridges/c9-0.1/root/lib/ruby/gems/specifications/rack-1.5.2.gemspec
I, [2014-02-27T08:05:00.069734 #191004]  INFO -- : 0:  rack-test (0.6.2) from /usr/libexec/openshift/cartridges/c9-0.1/root/lib/ruby/gems/specifications/rack-test-0.6.2.gemspec
I, [2014-02-27T08:05:00.070692 #191004]  INFO -- : 0:  actionpack (4.0.3) from /var/lib/stickshift/530881cb50044639600000a5/app-root/data/lib/ruby/gems/specifications/actionpack-4.0.3.gemspec
I, [2014-02-27T08:05:00.071605 #191004]  INFO -- : 0:  mime-types (1.25.1) from /usr/libexec/openshift/cartridges/c9-0.1/root/lib/ruby/gems/specifications/mime-types-1.25.1.gemspec
I, [2014-02-27T08:05:00.072647 #191004]  INFO -- : 0:  polyglot (0.3.4) from /var/lib/stickshift/530881cb50044639600000a5/app-root/data/lib/ruby/gems/specifications/polyglot-0.3.4.gemspec
I, [2014-02-27T08:05:00.073810 #191004]  INFO -- : 0:  treetop (1.4.15) from /usr/libexec/openshift/cartridges/c9-0.1/root/lib/ruby/gems/specifications/treetop-1.4.15.gemspec
I, [2014-02-27T08:05:00.074746 #191004]  INFO -- : 0:  mail (2.5.4) from /usr/libexec/openshift/cartridges/c9-0.1/root/lib/ruby/gems/specifications/mail-2.5.4.gemspec
I, [2014-02-27T08:05:00.075756 #191004]  INFO -- : 0:  actionmailer (4.0.3) from /var/lib/stickshift/530881cb50044639600000a5/app-root/data/lib/ruby/gems/specifications/actionmailer-4.0.3.gemspec
I, [2014-02-27T08:05:00.076725 #191004]  INFO -- : 0:  activemodel (4.0.3) from /var/lib/stickshift/530881cb50044639600000a5/app-root/data/lib/ruby/gems/specifications/activemodel-4.0.3.gemspec
I, [2014-02-27T08:05:00.077667 #191004]  INFO -- : 0:  activerecord-deprecated_finders (1.0.3) from /usr/libexec/openshift/cartridges/c9-0.1/root/lib/ruby/gems/specifications/activerecord-deprecated_finders-1.0.3.gemspec
I, [2014-02-27T08:05:00.147971 #191004]  INFO -- : 0:  arel (4.0.2) from /var/lib/stickshift/530881cb50044639600000a5/app-root/data/lib/ruby/gems/specifications/arel-4.0.2.gemspec
I, [2014-02-27T08:05:00.149280 #191004]  INFO -- : 0:  activerecord (4.0.3) from /var/lib/stickshift/530881cb50044639600000a5/app-root/data/lib/ruby/gems/specifications/activerecord-4.0.3.gemspec
I, [2014-02-27T08:05:00.150400 #191004]  INFO -- : 0:  bcrypt-ruby (3.1.2) from /var/lib/stickshift/530881cb50044639600000a5/app-root/data/lib/ruby/gems/specifications/bcrypt-ruby-3.1.2.gemspec
I, [2014-02-27T08:05:00.152025 #191004]  INFO -- : 0:  sass (3.2.14) from /var/lib/stickshift/530881cb50044639600000a5/app-root/data/lib/ruby/gems/specifications/sass-3.2.14.gemspec
I, [2014-02-27T08:05:00.153064 #191004]  INFO -- : 0:  bootstrap-sass (2.3.2.0) from /var/lib/stickshift/530881cb50044639600000a5/app-root/data/lib/ruby/gems/specifications/bootstrap-sass-2.3.2.0.gemspec
I, [2014-02-27T08:05:00.153993 #191004]  INFO -- : 0:  mini_portile (0.5.2) from /var/lib/stickshift/530881cb50044639600000a5/app-root/data/lib/ruby/gems/specifications/mini_portile-0.5.2.gemspec
I, [2014-02-27T08:05:00.158070 #191004]  INFO -- : 0:  nokogiri (1.6.1) from /var/lib/stickshift/530881cb50044639600000a5/app-root/data/lib/ruby/gems/specifications/nokogiri-1.6.1.gemspec
I, [2014-02-27T08:05:00.160232 #191004]  INFO -- : 0:  xpath (2.0.0) from /var/lib/stickshift/530881cb50044639600000a5/app-root/data/lib/ruby/gems/specifications/xpath-2.0.0.gemspec
I, [2014-02-27T08:05:00.163655 #191004]  INFO -- : 0:  capybara (2.1.0) from /var/lib/stickshift/530881cb50044639600000a5/app-root/data/lib/ruby/gems/specifications/capybara-2.1.0.gemspec
I, [2014-02-27T08:05:00.166911 #191004]  INFO -- : 0:  ffi (1.9.3) from /var/lib/stickshift/530881cb50044639600000a5/app-root/data/lib/ruby/gems/specifications/ffi-1.9.3.gemspec
I, [2014-02-27T08:05:00.168234 #191004]  INFO -- : 0:  childprocess (0.5.1) from /var/lib/stickshift/530881cb50044639600000a5/app-root/data/lib/ruby/gems/specifications/childprocess-0.5.1.gemspec
I, [2014-02-27T08:05:00.169202 #191004]  INFO -- : 0:  coffee-script-source (1.7.0) from /var/lib/stickshift/530881cb50044639600000a5/app-root/data/lib/ruby/gems/specifications/coffee-script-source-1.7.0.gemspec
I, [2014-02-27T08:05:00.170222 #191004]  INFO -- : 0:  execjs (2.0.2) from /usr/libexec/openshift/cartridges/c9-0.1/root/lib/ruby/gems/specifications/execjs-2.0.2.gemspec
I, [2014-02-27T08:05:00.171170 #191004]  INFO -- : 0:  coffee-script (2.2.0) from /usr/libexec/openshift/cartridges/c9-0.1/root/lib/ruby/gems/specifications/coffee-script-2.2.0.gemspec
I, [2014-02-27T08:05:00.172048 #191004]  INFO -- : 0:  thor (0.18.1) from /usr/libexec/openshift/cartridges/c9-0.1/root/lib/ruby/gems/specifications/thor-0.18.1.gemspec
I, [2014-02-27T08:05:00.173123 #191004]  INFO -- : 0:  railties (4.0.3) from /var/lib/stickshift/530881cb50044639600000a5/app-root/data/lib/ruby/gems/specifications/railties-4.0.3.gemspec
I, [2014-02-27T08:05:00.266978 #191004]  INFO -- : 0:  coffee-rails (4.0.1) from /usr/libexec/openshift/cartridges/c9-0.1/root/lib/ruby/gems/specifications/coffee-rails-4.0.1.gemspec
I, [2014-02-27T08:05:00.268391 #191004]  INFO -- : 0:  diff-lcs (1.2.5) from /var/lib/stickshift/530881cb50044639600000a5/app-root/data/lib/ruby/gems/specifications/diff-lcs-1.2.5.gemspec
I, [2014-02-27T08:05:00.274365 #191004]  INFO -- : 0:  hike (1.2.3) from /usr/libexec/openshift/cartridges/c9-0.1/root/lib/ruby/gems/specifications/hike-1.2.3.gemspec
I, [2014-02-27T08:05:00.278247 #191004]  INFO -- : 0:  jbuilder (1.0.2) from /var/lib/stickshift/530881cb50044639600000a5/app-root/data/lib/ruby/gems/specifications/jbuilder-1.0.2.gemspec
I, [2014-02-27T08:05:00.279385 #191004]  INFO -- : 0:  jquery-rails (3.0.4) from /usr/libexec/openshift/cartridges/c9-0.1/root/lib/ruby/gems/specifications/jquery-rails-3.0.4.gemspec
I, [2014-02-27T08:05:00.284816 #191004]  INFO -- : 0:  json (1.8.1) from /usr/libexec/openshift/cartridges/c9-0.1/root/lib/ruby/gems/specifications/json-1.8.1.gemspec
I, [2014-02-27T08:05:00.291476 #191004]  INFO -- : 0:  pg (0.15.1) from /var/lib/stickshift/530881cb50044639600000a5/app-root/data/lib/ruby/gems/specifications/pg-0.15.1.gemspec
I, [2014-02-27T08:05:00.292923 #191004]  INFO -- : 0:  bundler (1.5.1) from /usr/libexec/openshift/cartridges/c9-0.1/root/lib/ruby/gems/specifications/bundler-1.5.1.gemspec
I, [2014-02-27T08:05:00.298105 #191004]  INFO -- : 0:  tilt (1.4.1) from /usr/libexec/openshift/cartridges/c9-0.1/root/lib/ruby/gems/specifications/tilt-1.4.1.gemspec
I, [2014-02-27T08:05:00.299623 #191004]  INFO -- : 0:  sprockets (2.11.0) from /var/lib/stickshift/530881cb50044639600000a5/app-root/data/lib/ruby/gems/specifications/sprockets-2.11.0.gemspec
I, [2014-02-27T08:05:00.300609 #191004]  INFO -- : 0:  sprockets-rails (2.0.1) from /usr/libexec/openshift/cartridges/c9-0.1/root/lib/ruby/gems/specifications/sprockets-rails-2.0.1.gemspec
I, [2014-02-27T08:05:00.309822 #191004]  INFO -- : 0:  rails (4.0.3) from /var/lib/stickshift/530881cb50044639600000a5/app-root/data/lib/ruby/gems/specifications/rails-4.0.3.gemspec
I, [2014-02-27T08:05:00.315183 #191004]  INFO -- : 0:  rdoc (3.12.2) from /var/lib/stickshift/530881cb50044639600000a5/app-root/data/lib/ruby/gems/specifications/rdoc-3.12.2.gemspec
I, [2014-02-27T08:05:00.316562 #191004]  INFO -- : 0:  rspec-core (2.13.1) from /var/lib/stickshift/530881cb50044639600000a5/app-root/data/lib/ruby/gems/specifications/rspec-core-2.13.1.gemspec
I, [2014-02-27T08:05:00.317459 #191004]  INFO -- : 0:  rspec-expectations (2.13.0) from /var/lib/stickshift/530881cb50044639600000a5/app-root/data/lib/ruby/gems/specifications/rspec-expectations-2.13.0.gemspec
I, [2014-02-27T08:05:00.318348 #191004]  INFO -- : 0:  rspec-mocks (2.13.1) from /var/lib/stickshift/530881cb50044639600000a5/app-root/data/lib/ruby/gems/specifications/rspec-mocks-2.13.1.gemspec
I, [2014-02-27T08:05:00.319244 #191004]  INFO -- : 0:  rspec-rails (2.13.1) from /var/lib/stickshift/530881cb50044639600000a5/app-root/data/lib/ruby/gems/specifications/rspec-rails-2.13.1.gemspec
I, [2014-02-27T08:05:00.320186 #191004]  INFO -- : 0:  rubyzip (0.9.9) from /var/lib/stickshift/530881cb50044639600000a5/app-root/data/lib/ruby/gems/specifications/rubyzip-0.9.9.gemspec
I, [2014-02-27T08:05:00.371123 #191004]  INFO -- : 0:  sass-rails (4.0.1) from /usr/libexec/openshift/cartridges/c9-0.1/root/lib/ruby/gems/specifications/sass-rails-4.0.1.gemspec
I, [2014-02-27T08:05:00.396056 #191004]  INFO -- : 0:  sdoc (0.3.20) from /var/lib/stickshift/530881cb50044639600000a5/app-root/data/lib/ruby/gems/specifications/sdoc-0.3.20.gemspec
I, [2014-02-27T08:05:00.399473 #191004]  INFO -- : 0:  websocket (1.0.7) from /var/lib/stickshift/530881cb50044639600000a5/app-root/data/lib/ruby/gems/specifications/websocket-1.0.7.gemspec
I, [2014-02-27T08:05:00.400797 #191004]  INFO -- : 0:  selenium-webdriver (2.35.1) from /var/lib/stickshift/530881cb50044639600000a5/app-root/data/lib/ruby/gems/specifications/selenium-webdriver-2.35.1.gemspec
I, [2014-02-27T08:05:00.401984 #191004]  INFO -- : 0:  turbolinks (1.1.1) from /var/lib/stickshift/530881cb50044639600000a5/app-root/data/lib/ruby/gems/specifications/turbolinks-1.1.1.gemspec
I, [2014-02-27T08:05:00.411823 #191004]  INFO -- : 0:  uglifier (2.1.1) from /var/lib/stickshift/530881cb50044639600000a5/app-root/data/lib/ruby/gems/specifications/uglifier-2.1.1.gemspec
I, [2014-02-27T08:05:21.325579 #191237]  INFO -- : 0:  rake (10.1.1) from /usr/libexec/openshift/cartridges/c9-0.1/root/lib/ruby/gems/specifications/rake-10.1.1.gemspec
I, [2014-02-27T08:05:21.327821 #191237]  INFO -- : 0:  i18n (0.6.9) from /usr/libexec/openshift/cartridges/c9-0.1/root/lib/ruby/gems/specifications/i18n-0.6.9.gemspec
I, [2014-02-27T08:05:21.328701 #191237]  INFO -- : 0:  minitest (4.7.5) from /usr/libexec/openshift/cartridges/c9-0.1/root/lib/ruby/gems/specifications/minitest-4.7.5.gemspec
I, [2014-02-27T08:05:21.329954 #191237]  INFO -- : 0:  multi_json (1.8.4) from /usr/libexec/openshift/cartridges/c9-0.1/root/lib/ruby/gems/specifications/multi_json-1.8.4.gemspec
I, [2014-02-27T08:05:21.330936 #191237]  INFO -- : 0:  atomic (1.1.14) from /usr/libexec/openshift/cartridges/c9-0.1/root/lib/ruby/gems/specifications/atomic-1.1.14.gemspec
I, [2014-02-27T08:05:21.331929 #191237]  INFO -- : 0:  thread_safe (0.1.3) from /usr/libexec/openshift/cartridges/c9-0.1/root/lib/ruby/gems/specifications/thread_safe-0.1.3.gemspec
I, [2014-02-27T08:05:21.332799 #191237]  INFO -- : 0:  tzinfo (0.3.38) from /usr/libexec/openshift/cartridges/c9-0.1/root/lib/ruby/gems/specifications/tzinfo-0.3.38.gemspec
I, [2014-02-27T08:05:21.333694 #191237]  INFO -- : 0:  activesupport (4.0.3) from /var/lib/stickshift/530881cb50044639600000a5/app-root/data/lib/ruby/gems/specifications/activesupport-4.0.3.gemspec
I, [2014-02-27T08:05:21.335751 #191237]  INFO -- : 0:  builder (3.1.4) from /usr/libexec/openshift/cartridges/c9-0.1/root/lib/ruby/gems/specifications/builder-3.1.4.gemspec
I, [2014-02-27T08:05:21.336878 #191237]  INFO -- : 0:  erubis (2.7.0) from /usr/libexec/openshift/cartridges/c9-0.1/root/lib/ruby/gems/specifications/erubis-2.7.0.gemspec
I, [2014-02-27T08:05:21.337702 #191237]  INFO -- : 0:  rack (1.5.2) from /usr/libexec/openshift/cartridges/c9-0.1/root/lib/ruby/gems/specifications/rack-1.5.2.gemspec
I, [2014-02-27T08:05:21.339598 #191237]  INFO -- : 0:  rack-test (0.6.2) from /usr/libexec/openshift/cartridges/c9-0.1/root/lib/ruby/gems/specifications/rack-test-0.6.2.gemspec
I, [2014-02-27T08:05:21.341720 #191237]  INFO -- : 0:  actionpack (4.0.3) from /var/lib/stickshift/530881cb50044639600000a5/app-root/data/lib/ruby/gems/specifications/actionpack-4.0.3.gemspec
I, [2014-02-27T08:05:21.342735 #191237]  INFO -- : 0:  mime-types (1.25.1) from /usr/libexec/openshift/cartridges/c9-0.1/root/lib/ruby/gems/specifications/mime-types-1.25.1.gemspec
I, [2014-02-27T08:05:21.348883 #191237]  INFO -- : 0:  polyglot (0.3.4) from /var/lib/stickshift/530881cb50044639600000a5/app-root/data/lib/ruby/gems/specifications/polyglot-0.3.4.gemspec
I, [2014-02-27T08:05:21.357551 #191237]  INFO -- : 0:  treetop (1.4.15) from /usr/libexec/openshift/cartridges/c9-0.1/root/lib/ruby/gems/specifications/treetop-1.4.15.gemspec
I, [2014-02-27T08:05:21.361730 #191237]  INFO -- : 0:  mail (2.5.4) from /usr/libexec/openshift/cartridges/c9-0.1/root/lib/ruby/gems/specifications/mail-2.5.4.gemspec
I, [2014-02-27T08:05:21.368610 #191237]  INFO -- : 0:  actionmailer (4.0.3) from /var/lib/stickshift/530881cb50044639600000a5/app-root/data/lib/ruby/gems/specifications/actionmailer-4.0.3.gemspec
I, [2014-02-27T08:05:21.413514 #191237]  INFO -- : 0:  activemodel (4.0.3) from /var/lib/stickshift/530881cb50044639600000a5/app-root/data/lib/ruby/gems/specifications/activemodel-4.0.3.gemspec
I, [2014-02-27T08:05:21.429254 #191237]  INFO -- : 0:  activerecord-deprecated_finders (1.0.3) from /usr/libexec/openshift/cartridges/c9-0.1/root/lib/ruby/gems/specifications/activerecord-deprecated_finders-1.0.3.gemspec
I, [2014-02-27T08:05:21.462535 #191237]  INFO -- : 0:  arel (4.0.2) from /var/lib/stickshift/530881cb50044639600000a5/app-root/data/lib/ruby/gems/specifications/arel-4.0.2.gemspec
I, [2014-02-27T08:05:21.529534 #191237]  INFO -- : 0:  activerecord (4.0.3) from /var/lib/stickshift/530881cb50044639600000a5/app-root/data/lib/ruby/gems/specifications/activerecord-4.0.3.gemspec
I, [2014-02-27T08:05:21.533912 #191237]  INFO -- : 0:  bcrypt-ruby (3.1.2) from /var/lib/stickshift/530881cb50044639600000a5/app-root/data/lib/ruby/gems/specifications/bcrypt-ruby-3.1.2.gemspec
I, [2014-02-27T08:05:21.546638 #191237]  INFO -- : 0:  sass (3.2.14) from /var/lib/stickshift/530881cb50044639600000a5/app-root/data/lib/ruby/gems/specifications/sass-3.2.14.gemspec
I, [2014-02-27T08:05:21.549593 #191237]  INFO -- : 0:  bootstrap-sass (2.3.2.0) from /var/lib/stickshift/530881cb50044639600000a5/app-root/data/lib/ruby/gems/specifications/bootstrap-sass-2.3.2.0.gemspec
I, [2014-02-27T08:05:21.611596 #191237]  INFO -- : 0:  bundler (1.5.1) from /usr/libexec/openshift/cartridges/c9-0.1/root/lib/ruby/gems/specifications/bundler-1.5.1.gemspec
I, [2014-02-27T08:05:21.621219 #191237]  INFO -- : 0:  mini_portile (0.5.2) from /var/lib/stickshift/530881cb50044639600000a5/app-root/data/lib/ruby/gems/specifications/mini_portile-0.5.2.gemspec
I, [2014-02-27T08:05:21.637815 #191237]  INFO -- : 0:  nokogiri (1.6.1) from /var/lib/stickshift/530881cb50044639600000a5/app-root/data/lib/ruby/gems/specifications/nokogiri-1.6.1.gemspec
I, [2014-02-27T08:05:21.650207 #191237]  INFO -- : 0:  xpath (2.0.0) from /var/lib/stickshift/530881cb50044639600000a5/app-root/data/lib/ruby/gems/specifications/xpath-2.0.0.gemspec
I, [2014-02-27T08:05:21.672679 #191237]  INFO -- : 0:  capybara (2.1.0) from /var/lib/stickshift/530881cb50044639600000a5/app-root/data/lib/ruby/gems/specifications/capybara-2.1.0.gemspec
I, [2014-02-27T08:05:21.745830 #191237]  INFO -- : 0:  ffi (1.9.3) from /var/lib/stickshift/530881cb50044639600000a5/app-root/data/lib/ruby/gems/specifications/ffi-1.9.3.gemspec
I, [2014-02-27T08:05:21.747523 #191237]  INFO -- : 0:  childprocess (0.5.1) from /var/lib/stickshift/530881cb50044639600000a5/app-root/data/lib/ruby/gems/specifications/childprocess-0.5.1.gemspec
I, [2014-02-27T08:05:21.752401 #191237]  INFO -- : 0:  coffee-script-source (1.7.0) from /var/lib/stickshift/530881cb50044639600000a5/app-root/data/lib/ruby/gems/specifications/coffee-script-source-1.7.0.gemspec
I, [2014-02-27T08:05:21.758198 #191237]  INFO -- : 0:  execjs (2.0.2) from /usr/libexec/openshift/cartridges/c9-0.1/root/lib/ruby/gems/specifications/execjs-2.0.2.gemspec
I, [2014-02-27T08:05:21.761655 #191237]  INFO -- : 0:  coffee-script (2.2.0) from /usr/libexec/openshift/cartridges/c9-0.1/root/lib/ruby/gems/specifications/coffee-script-2.2.0.gemspec
I, [2014-02-27T08:05:21.763903 #191237]  INFO -- : 0:  thor (0.18.1) from /usr/libexec/openshift/cartridges/c9-0.1/root/lib/ruby/gems/specifications/thor-0.18.1.gemspec
I, [2014-02-27T08:05:21.771163 #191237]  INFO -- : 0:  railties (4.0.3) from /var/lib/stickshift/530881cb50044639600000a5/app-root/data/lib/ruby/gems/specifications/railties-4.0.3.gemspec
I, [2014-02-27T08:05:21.774688 #191237]  INFO -- : 0:  coffee-rails (4.0.1) from /usr/libexec/openshift/cartridges/c9-0.1/root/lib/ruby/gems/specifications/coffee-rails-4.0.1.gemspec
I, [2014-02-27T08:05:21.779169 #191237]  INFO -- : 0:  diff-lcs (1.2.5) from /var/lib/stickshift/530881cb50044639600000a5/app-root/data/lib/ruby/gems/specifications/diff-lcs-1.2.5.gemspec
I, [2014-02-27T08:05:21.799488 #191237]  INFO -- : 0:  hike (1.2.3) from /usr/libexec/openshift/cartridges/c9-0.1/root/lib/ruby/gems/specifications/hike-1.2.3.gemspec
I, [2014-02-27T08:05:21.811617 #191237]  INFO -- : 0:  jbuilder (1.0.2) from /var/lib/stickshift/530881cb50044639600000a5/app-root/data/lib/ruby/gems/specifications/jbuilder-1.0.2.gemspec
I, [2014-02-27T08:05:21.827722 #191237]  INFO -- : 0:  jquery-rails (3.0.4) from /usr/libexec/openshift/cartridges/c9-0.1/root/lib/ruby/gems/specifications/jquery-rails-3.0.4.gemspec
I, [2014-02-27T08:05:21.840456 #191237]  INFO -- : 0:  json (1.8.1) from /usr/libexec/openshift/cartridges/c9-0.1/root/lib/ruby/gems/specifications/json-1.8.1.gemspec
I, [2014-02-27T08:05:21.853311 #191237]  INFO -- : 0:  tilt (1.4.1) from /usr/libexec/openshift/cartridges/c9-0.1/root/lib/ruby/gems/specifications/tilt-1.4.1.gemspec
I, [2014-02-27T08:05:21.873350 #191237]  INFO -- : 0:  sprockets (2.11.0) from /var/lib/stickshift/530881cb50044639600000a5/app-root/data/lib/ruby/gems/specifications/sprockets-2.11.0.gemspec
I, [2014-02-27T08:05:21.874805 #191237]  INFO -- : 0:  sprockets-rails (2.0.1) from /usr/libexec/openshift/cartridges/c9-0.1/root/lib/ruby/gems/specifications/sprockets-rails-2.0.1.gemspec
I, [2014-02-27T08:05:21.875713 #191237]  INFO -- : 0:  rails (4.0.3) from /var/lib/stickshift/530881cb50044639600000a5/app-root/data/lib/ruby/gems/specifications/rails-4.0.3.gemspec
I, [2014-02-27T08:05:22.059001 #191237]  INFO -- : 0:  rdoc (3.12.2) from /var/lib/stickshift/530881cb50044639600000a5/app-root/data/lib/ruby/gems/specifications/rdoc-3.12.2.gemspec
I, [2014-02-27T08:05:22.063637 #191237]  INFO -- : 0:  rspec-core (2.13.1) from /var/lib/stickshift/530881cb50044639600000a5/app-root/data/lib/ruby/gems/specifications/rspec-core-2.13.1.gemspec
I, [2014-02-27T08:05:22.065315 #191237]  INFO -- : 0:  rspec-expectations (2.13.0) from /var/lib/stickshift/530881cb50044639600000a5/app-root/data/lib/ruby/gems/specifications/rspec-expectations-2.13.0.gemspec
I, [2014-02-27T08:05:22.067939 #191237]  INFO -- : 0:  rspec-mocks (2.13.1) from /var/lib/stickshift/530881cb50044639600000a5/app-root/data/lib/ruby/gems/specifications/rspec-mocks-2.13.1.gemspec
I, [2014-02-27T08:05:22.072650 #191237]  INFO -- : 0:  rspec-rails (2.13.1) from /var/lib/stickshift/530881cb50044639600000a5/app-root/data/lib/ruby/gems/specifications/rspec-rails-2.13.1.gemspec
I, [2014-02-27T08:05:22.074084 #191237]  INFO -- : 0:  rubyzip (0.9.9) from /var/lib/stickshift/530881cb50044639600000a5/app-root/data/lib/ruby/gems/specifications/rubyzip-0.9.9.gemspec
I, [2014-02-27T08:05:22.075431 #191237]  INFO -- : 0:  sass-rails (4.0.1) from /usr/libexec/openshift/cartridges/c9-0.1/root/lib/ruby/gems/specifications/sass-rails-4.0.1.gemspec
I, [2014-02-27T08:05:22.082313 #191237]  INFO -- : 0:  sdoc (0.3.20) from /var/lib/stickshift/530881cb50044639600000a5/app-root/data/lib/ruby/gems/specifications/sdoc-0.3.20.gemspec
I, [2014-02-27T08:05:22.085910 #191237]  INFO -- : 0:  websocket (1.0.7) from /var/lib/stickshift/530881cb50044639600000a5/app-root/data/lib/ruby/gems/specifications/websocket-1.0.7.gemspec
I, [2014-02-27T08:05:22.209406 #191237]  INFO -- : 0:  selenium-webdriver (2.35.1) from /var/lib/stickshift/530881cb50044639600000a5/app-root/data/lib/ruby/gems/specifications/selenium-webdriver-2.35.1.gemspec
I, [2014-02-27T08:05:22.211164 #191237]  INFO -- : 0:  sqlite3 (1.3.8) from /usr/libexec/openshift/cartridges/c9-0.1/root/lib/ruby/gems/specifications/sqlite3-1.3.8.gemspec
I, [2014-02-27T08:05:22.216870 #191237]  INFO -- : 0:  turbolinks (1.1.1) from /var/lib/stickshift/530881cb50044639600000a5/app-root/data/lib/ruby/gems/specifications/turbolinks-1.1.1.gemspec
I, [2014-02-27T08:05:22.222238 #191237]  INFO -- : 0:  uglifier (2.1.1) from /var/lib/stickshift/530881cb50044639600000a5/app-root/data/lib/ruby/gems/specifications/uglifier-2.1.1.gemspec
